{"/Users/benjaminlison/Documents/startup/getit/components/elements/Autocomplete.vue": {"path":"/Users/benjaminlison/Documents/startup/getit/components/elements/Autocomplete.vue","statementMap":{"0":{"start":{"line":35,"column":0},"end":{"line":35,"column":null}},"1":{"start":{"line":36,"column":0},"end":{"line":36,"column":null}},"2":{"start":{"line":78,"column":0},"end":{"line":78,"column":null}},"3":{"start":{"line":81,"column":0},"end":{"line":81,"column":null}},"4":{"start":{"line":91,"column":0},"end":{"line":91,"column":null}},"5":{"start":{"line":95,"column":0},"end":{"line":95,"column":null}},"6":{"start":{"line":98,"column":0},"end":{"line":98,"column":null}},"7":{"start":{"line":99,"column":0},"end":{"line":99,"column":null}},"8":{"start":{"line":100,"column":0},"end":{"line":100,"column":null}},"9":{"start":{"line":106,"column":0},"end":{"line":106,"column":null}},"10":{"start":{"line":107,"column":0},"end":{"line":110,"column":null}},"11":{"start":{"line":113,"column":0},"end":{"line":113,"column":null}},"12":{"start":{"line":118,"column":0},"end":{"line":118,"column":null}},"13":{"start":{"line":119,"column":0},"end":{"line":119,"column":null}},"14":{"start":{"line":120,"column":0},"end":{"line":120,"column":null}},"15":{"start":{"line":121,"column":0},"end":{"line":121,"column":null}},"16":{"start":{"line":125,"column":0},"end":{"line":125,"column":null}},"17":{"start":{"line":126,"column":0},"end":{"line":126,"column":null}},"18":{"start":{"line":1,"column":0},"end":{"line":1,"column":null}}},"fnMap":{"0":{"name":"(anonymous_0)","decl":{"start":{"line":78,"column":0},"end":{"line":78,"column":null}},"loc":{"start":{"line":78,"column":0},"end":{"line":78,"column":null}}},"1":{"name":"(anonymous_1)","decl":{"start":{"line":81,"column":0},"end":{"line":81,"column":null}},"loc":{"start":{"line":81,"column":0},"end":{"line":81,"column":null}}},"2":{"name":"(anonymous_2)","decl":{"start":{"line":90,"column":0},"end":{"line":90,"column":null}},"loc":{"start":{"line":90,"column":0},"end":{"line":92,"column":null}}},"3":{"name":"(anonymous_3)","decl":{"start":{"line":94,"column":0},"end":{"line":94,"column":null}},"loc":{"start":{"line":94,"column":0},"end":{"line":96,"column":null}}},"4":{"name":"(anonymous_4)","decl":{"start":{"line":97,"column":0},"end":{"line":97,"column":null}},"loc":{"start":{"line":97,"column":0},"end":{"line":101,"column":null}}},"5":{"name":"(anonymous_5)","decl":{"start":{"line":105,"column":0},"end":{"line":105,"column":null}},"loc":{"start":{"line":105,"column":0},"end":{"line":114,"column":null}}},"6":{"name":"(anonymous_6)","decl":{"start":{"line":117,"column":0},"end":{"line":117,"column":null}},"loc":{"start":{"line":117,"column":0},"end":{"line":122,"column":null}}},"7":{"name":"(anonymous_7)","decl":{"start":{"line":124,"column":0},"end":{"line":124,"column":null}},"loc":{"start":{"line":124,"column":0},"end":{"line":127,"column":null}}},"8":{"name":"(anonymous_8)","decl":{"start":{"line":1,"column":0},"end":{"line":1,"column":null}},"loc":{"start":{"line":1,"column":0},"end":{"line":1,"column":null}}}},"branchMap":{"0":{"loc":{"start":{"line":98,"column":0},"end":{"line":98,"column":null}},"type":"if","locations":[{"start":{"line":98,"column":0},"end":{"line":98,"column":null}},{"start":{"line":98,"column":0},"end":{"line":98,"column":null}}]},"1":{"loc":{"start":{"line":106,"column":0},"end":{"line":106,"column":null}},"type":"if","locations":[{"start":{"line":106,"column":0},"end":{"line":106,"column":null}},{"start":{"line":106,"column":0},"end":{"line":106,"column":null}}]},"2":{"loc":{"start":{"line":107,"column":0},"end":{"line":110,"column":null}},"type":"cond-expr","locations":[{"start":{"line":107,"column":0},"end":{"line":110,"column":null}},{"start":{"line":110,"column":0},"end":{"line":110,"column":null}}]},"3":{"loc":{"start":{"line":118,"column":0},"end":{"line":118,"column":null}},"type":"if","locations":[{"start":{"line":118,"column":0},"end":{"line":118,"column":null}},{"start":{"line":118,"column":0},"end":{"line":118,"column":null}}]},"4":{"loc":{"start":{"line":126,"column":0},"end":{"line":126,"column":null}},"type":"if","locations":[{"start":{"line":126,"column":0},"end":{"line":126,"column":null}},{"start":{"line":126,"column":0},"end":{"line":126,"column":null}}]},"5":{"loc":{"start":{"line":1,"column":0},"end":{"line":1,"column":null}},"type":"if","locations":[{"start":{"line":1,"column":0},"end":{"line":1,"column":null}},{"start":{"line":1,"column":0},"end":{"line":1,"column":null}}]}},"s":{"0":1,"1":1,"2":4,"3":4,"4":5,"5":4,"6":8,"7":0,"8":0,"9":0,"10":0,"11":0,"12":0,"13":0,"14":0,"15":0,"16":0,"17":0,"18":41},"f":{"0":4,"1":4,"2":5,"3":4,"4":4,"5":0,"6":0,"7":0,"8":17},"b":{"0":[4,0],"1":[0,0],"2":[0,0],"3":[0,0],"4":[0,0],"5":[2,11]}}
,"/Users/benjaminlison/Documents/startup/getit/components/elements/EmptyContent.vue": {"path":"/Users/benjaminlison/Documents/startup/getit/components/elements/EmptyContent.vue","statementMap":{"0":{"start":{"line":26,"column":0},"end":{"line":26,"column":null}},"1":{"start":{"line":27,"column":0},"end":{"line":27,"column":null}},"2":{"start":{"line":1,"column":0},"end":{"line":1,"column":null}}},"fnMap":{"0":{"name":"(anonymous_0)","decl":{"start":{"line":25,"column":0},"end":{"line":25,"column":null}},"loc":{"start":{"line":25,"column":0},"end":{"line":28,"column":null}}},"1":{"name":"(anonymous_1)","decl":{"start":{"line":1,"column":0},"end":{"line":1,"column":null}},"loc":{"start":{"line":1,"column":0},"end":{"line":1,"column":null}}}},"branchMap":{"0":{"loc":{"start":{"line":26,"column":0},"end":{"line":26,"column":null}},"type":"if","locations":[{"start":{"line":26,"column":0},"end":{"line":26,"column":null}},{"start":{"line":26,"column":0},"end":{"line":26,"column":null}}]}},"s":{"0":2,"1":0,"2":15},"f":{"0":1,"1":3},"b":{"0":[1,0]}}
,"/Users/benjaminlison/Documents/startup/getit/components/elements/EmptyState.vue": {"path":"/Users/benjaminlison/Documents/startup/getit/components/elements/EmptyState.vue","statementMap":{"0":{"start":{"line":24,"column":0},"end":{"line":24,"column":null}},"1":{"start":{"line":1,"column":0},"end":{"line":1,"column":null}}},"fnMap":{"0":{"name":"(anonymous_0)","decl":{"start":{"line":24,"column":0},"end":{"line":24,"column":null}},"loc":{"start":{"line":24,"column":0},"end":{"line":24,"column":null}}},"1":{"name":"(anonymous_1)","decl":{"start":{"line":1,"column":0},"end":{"line":1,"column":null}},"loc":{"start":{"line":1,"column":0},"end":{"line":1,"column":null}}}},"branchMap":{},"s":{"0":1,"1":9},"f":{"0":1,"1":1},"b":{}}
,"/Users/benjaminlison/Documents/startup/getit/components/elements/Map.vue": {"path":"/Users/benjaminlison/Documents/startup/getit/components/elements/Map.vue","statementMap":{"0":{"start":{"line":13,"column":0},"end":{"line":13,"column":null}},"1":{"start":{"line":21,"column":0},"end":{"line":21,"column":null}},"2":{"start":{"line":24,"column":0},"end":{"line":24,"column":null}},"3":{"start":{"line":29,"column":0},"end":{"line":32,"column":null}},"4":{"start":{"line":30,"column":0},"end":{"line":30,"column":null}},"5":{"start":{"line":31,"column":0},"end":{"line":31,"column":null}},"6":{"start":{"line":33,"column":0},"end":{"line":33,"column":null}},"7":{"start":{"line":38,"column":0},"end":{"line":46,"column":null}},"8":{"start":{"line":1,"column":0},"end":{"line":1,"column":null}}},"fnMap":{"0":{"name":"(anonymous_0)","decl":{"start":{"line":13,"column":0},"end":{"line":13,"column":null}},"loc":{"start":{"line":13,"column":0},"end":{"line":13,"column":null}}},"1":{"name":"(anonymous_1)","decl":{"start":{"line":21,"column":0},"end":{"line":21,"column":null}},"loc":{"start":{"line":21,"column":0},"end":{"line":21,"column":null}}},"2":{"name":"(anonymous_2)","decl":{"start":{"line":24,"column":0},"end":{"line":24,"column":null}},"loc":{"start":{"line":24,"column":0},"end":{"line":24,"column":null}}},"3":{"name":"(anonymous_3)","decl":{"start":{"line":28,"column":0},"end":{"line":28,"column":null}},"loc":{"start":{"line":28,"column":0},"end":{"line":34,"column":null}}},"4":{"name":"(anonymous_4)","decl":{"start":{"line":36,"column":0},"end":{"line":36,"column":null}},"loc":{"start":{"line":36,"column":0},"end":{"line":51,"column":null}}},"5":{"name":"(anonymous_5)","decl":{"start":{"line":1,"column":0},"end":{"line":1,"column":null}},"loc":{"start":{"line":1,"column":0},"end":{"line":1,"column":null}}}},"branchMap":{"0":{"loc":{"start":{"line":29,"column":0},"end":{"line":32,"column":null}},"type":"if","locations":[{"start":{"line":29,"column":0},"end":{"line":32,"column":null}},{"start":{"line":29,"column":0},"end":{"line":32,"column":null}}]}},"s":{"0":0,"1":0,"2":0,"3":0,"4":0,"5":0,"6":0,"7":0,"8":3},"f":{"0":0,"1":0,"2":0,"3":0,"4":0,"5":0},"b":{"0":[0,0]}}
,"/Users/benjaminlison/Documents/startup/getit/components/elements/Modal.vue": {"path":"/Users/benjaminlison/Documents/startup/getit/components/elements/Modal.vue","statementMap":{"0":{"start":{"line":71,"column":0},"end":{"line":71,"column":null}},"1":{"start":{"line":72,"column":0},"end":{"line":72,"column":null}},"2":{"start":{"line":77,"column":0},"end":{"line":77,"column":null}},"3":{"start":{"line":78,"column":0},"end":{"line":78,"column":null}},"4":{"start":{"line":1,"column":0},"end":{"line":1,"column":null}}},"fnMap":{"0":{"name":"(anonymous_0)","decl":{"start":{"line":70,"column":0},"end":{"line":70,"column":null}},"loc":{"start":{"line":70,"column":0},"end":{"line":74,"column":null}}},"1":{"name":"(anonymous_1)","decl":{"start":{"line":76,"column":0},"end":{"line":76,"column":null}},"loc":{"start":{"line":76,"column":0},"end":{"line":79,"column":null}}},"2":{"name":"(anonymous_2)","decl":{"start":{"line":1,"column":0},"end":{"line":1,"column":null}},"loc":{"start":{"line":1,"column":0},"end":{"line":1,"column":null}}}},"branchMap":{"0":{"loc":{"start":{"line":72,"column":0},"end":{"line":72,"column":null}},"type":"if","locations":[{"start":{"line":72,"column":0},"end":{"line":72,"column":null}},{"start":{"line":72,"column":0},"end":{"line":72,"column":null}}]},"1":{"loc":{"start":{"line":1,"column":0},"end":{"line":1,"column":null}},"type":"if","locations":[{"start":{"line":1,"column":0},"end":{"line":1,"column":null}},{"start":{"line":1,"column":0},"end":{"line":1,"column":null}}]}},"s":{"0":1,"1":2,"2":0,"3":0,"4":22},"f":{"0":1,"1":0,"2":7},"b":{"0":[1,0],"1":[12,0]}}
,"/Users/benjaminlison/Documents/startup/getit/components/elements/Notification.vue": {"path":"/Users/benjaminlison/Documents/startup/getit/components/elements/Notification.vue","statementMap":{"0":{"start":{"line":18,"column":0},"end":{"line":18,"column":null}},"1":{"start":{"line":32,"column":0},"end":{"line":32,"column":null}},"2":{"start":{"line":1,"column":0},"end":{"line":1,"column":null}}},"fnMap":{"0":{"name":"(anonymous_1)","decl":{"start":{"line":32,"column":0},"end":{"line":32,"column":null}},"loc":{"start":{"line":32,"column":0},"end":{"line":32,"column":null}}},"1":{"name":"(anonymous_2)","decl":{"start":{"line":1,"column":0},"end":{"line":1,"column":null}},"loc":{"start":{"line":1,"column":0},"end":{"line":1,"column":null}}}},"branchMap":{"0":{"loc":{"start":{"line":1,"column":0},"end":{"line":1,"column":null}},"type":"cond-expr","locations":[{"start":{"line":1,"column":0},"end":{"line":1,"column":null}},{"start":{"line":1,"column":0},"end":{"line":1,"column":null}}]}},"s":{"0":1,"1":2,"2":9},"f":{"0":2,"1":2},"b":{"0":[0,2]}}
,"/Users/benjaminlison/Documents/startup/getit/components/elements/Toast.vue": {"path":"/Users/benjaminlison/Documents/startup/getit/components/elements/Toast.vue","statementMap":{"0":{"start":{"line":45,"column":0},"end":{"line":45,"column":null}},"1":{"start":{"line":50,"column":0},"end":{"line":50,"column":null}},"2":{"start":{"line":54,"column":0},"end":{"line":58,"column":null}},"3":{"start":{"line":57,"column":0},"end":{"line":57,"column":null}},"4":{"start":{"line":1,"column":0},"end":{"line":1,"column":null}}},"fnMap":{"0":{"name":"(anonymous_0)","decl":{"start":{"line":49,"column":0},"end":{"line":49,"column":null}},"loc":{"start":{"line":49,"column":0},"end":{"line":51,"column":null}}},"1":{"name":"(anonymous_1)","decl":{"start":{"line":53,"column":0},"end":{"line":53,"column":null}},"loc":{"start":{"line":53,"column":0},"end":{"line":60,"column":null}}},"2":{"name":"(anonymous_2)","decl":{"start":{"line":54,"column":0},"end":{"line":54,"column":null}},"loc":{"start":{"line":54,"column":0},"end":{"line":58,"column":null}}},"3":{"name":"(anonymous_3)","decl":{"start":{"line":1,"column":0},"end":{"line":1,"column":null}},"loc":{"start":{"line":1,"column":0},"end":{"line":1,"column":null}}}},"branchMap":{},"s":{"0":0,"1":0,"2":0,"3":0,"4":0},"f":{"0":0,"1":0,"2":0,"3":0},"b":{}}
,"/Users/benjaminlison/Documents/startup/getit/components/elements/Toggle.vue": {"path":"/Users/benjaminlison/Documents/startup/getit/components/elements/Toggle.vue","statementMap":{"0":{"start":{"line":46,"column":0},"end":{"line":46,"column":null}},"1":{"start":{"line":59,"column":0},"end":{"line":59,"column":null}},"2":{"start":{"line":63,"column":0},"end":{"line":63,"column":null}},"3":{"start":{"line":64,"column":0},"end":{"line":64,"column":null}},"4":{"start":{"line":1,"column":0},"end":{"line":1,"column":null}}},"fnMap":{"0":{"name":"(anonymous_1)","decl":{"start":{"line":58,"column":0},"end":{"line":58,"column":null}},"loc":{"start":{"line":58,"column":0},"end":{"line":60,"column":null}}},"1":{"name":"(anonymous_2)","decl":{"start":{"line":62,"column":0},"end":{"line":62,"column":null}},"loc":{"start":{"line":62,"column":0},"end":{"line":65,"column":null}}},"2":{"name":"(anonymous_3)","decl":{"start":{"line":1,"column":0},"end":{"line":1,"column":null}},"loc":{"start":{"line":1,"column":0},"end":{"line":1,"column":null}}}},"branchMap":{},"s":{"0":1,"1":2,"2":1,"3":1,"4":12},"f":{"0":2,"1":1,"2":3},"b":{}}
,"/Users/benjaminlison/Documents/startup/getit/components/layout/FooterBar.vue": {"path":"/Users/benjaminlison/Documents/startup/getit/components/layout/FooterBar.vue","statementMap":{"0":{"start":{"line":61,"column":0},"end":{"line":61,"column":null}},"1":{"start":{"line":65,"column":0},"end":{"line":65,"column":null}},"2":{"start":{"line":68,"column":0},"end":{"line":68,"column":null}},"3":{"start":{"line":73,"column":0},"end":{"line":73,"column":null}},"4":{"start":{"line":74,"column":0},"end":{"line":74,"column":null}},"5":{"start":{"line":1,"column":0},"end":{"line":1,"column":null}}},"fnMap":{"0":{"name":"(anonymous_0)","decl":{"start":{"line":60,"column":0},"end":{"line":60,"column":null}},"loc":{"start":{"line":60,"column":0},"end":{"line":62,"column":null}}},"1":{"name":"(anonymous_1)","decl":{"start":{"line":64,"column":0},"end":{"line":64,"column":null}},"loc":{"start":{"line":64,"column":0},"end":{"line":66,"column":null}}},"2":{"name":"(anonymous_2)","decl":{"start":{"line":67,"column":0},"end":{"line":67,"column":null}},"loc":{"start":{"line":67,"column":0},"end":{"line":69,"column":null}}},"3":{"name":"(anonymous_3)","decl":{"start":{"line":72,"column":0},"end":{"line":72,"column":null}},"loc":{"start":{"line":72,"column":0},"end":{"line":75,"column":null}}},"4":{"name":"(anonymous_4)","decl":{"start":{"line":1,"column":0},"end":{"line":1,"column":null}},"loc":{"start":{"line":1,"column":0},"end":{"line":1,"column":null}}}},"branchMap":{},"s":{"0":0,"1":0,"2":0,"3":0,"4":0,"5":0},"f":{"0":0,"1":0,"2":0,"3":0,"4":0},"b":{}}
,"/Users/benjaminlison/Documents/startup/getit/components/layout/Navbar.vue": {"path":"/Users/benjaminlison/Documents/startup/getit/components/layout/Navbar.vue","statementMap":{"0":{"start":{"line":41,"column":0},"end":{"line":41,"column":null}},"1":{"start":{"line":50,"column":0},"end":{"line":50,"column":null}},"2":{"start":{"line":1,"column":0},"end":{"line":1,"column":null}}},"fnMap":{"0":{"name":"(anonymous_0)","decl":{"start":{"line":49,"column":0},"end":{"line":49,"column":null}},"loc":{"start":{"line":49,"column":0},"end":{"line":51,"column":null}}},"1":{"name":"(anonymous_1)","decl":{"start":{"line":1,"column":0},"end":{"line":1,"column":null}},"loc":{"start":{"line":1,"column":0},"end":{"line":1,"column":null}}}},"branchMap":{"0":{"loc":{"start":{"line":1,"column":0},"end":{"line":1,"column":null}},"type":"cond-expr","locations":[{"start":{"line":1,"column":0},"end":{"line":1,"column":null}},{"start":{"line":1,"column":0},"end":{"line":1,"column":null}}]}},"s":{"0":1,"1":0,"2":3},"f":{"0":0,"1":0},"b":{"0":[0,0]}}
,"/Users/benjaminlison/Documents/startup/getit/components/layout/Navigation.vue": {"path":"/Users/benjaminlison/Documents/startup/getit/components/layout/Navigation.vue","statementMap":{"0":{"start":{"line":50,"column":0},"end":{"line":50,"column":null}},"1":{"start":{"line":55,"column":0},"end":{"line":55,"column":null}},"2":{"start":{"line":1,"column":0},"end":{"line":1,"column":null}}},"fnMap":{"0":{"name":"(anonymous_0)","decl":{"start":{"line":54,"column":0},"end":{"line":54,"column":null}},"loc":{"start":{"line":54,"column":0},"end":{"line":58,"column":null}}},"1":{"name":"(anonymous_1)","decl":{"start":{"line":1,"column":0},"end":{"line":1,"column":null}},"loc":{"start":{"line":1,"column":0},"end":{"line":1,"column":null}}}},"branchMap":{"0":{"loc":{"start":{"line":1,"column":0},"end":{"line":1,"column":null}},"type":"cond-expr","locations":[{"start":{"line":1,"column":0},"end":{"line":1,"column":null}},{"start":{"line":1,"column":0},"end":{"line":1,"column":null}}]}},"s":{"0":1,"1":0,"2":3},"f":{"0":0,"1":0},"b":{"0":[0,0]}}
,"/Users/benjaminlison/Documents/startup/getit/components/utils/Icon.vue": {"path":"/Users/benjaminlison/Documents/startup/getit/components/utils/Icon.vue","statementMap":{"0":{"start":{"line":18,"column":0},"end":{"line":18,"column":null}},"1":{"start":{"line":50,"column":0},"end":{"line":50,"column":null}},"2":{"start":{"line":57,"column":0},"end":{"line":63,"column":null}},"3":{"start":{"line":58,"column":0},"end":{"line":62,"column":null}},"4":{"start":{"line":59,"column":0},"end":{"line":59,"column":null}},"5":{"start":{"line":1,"column":0},"end":{"line":1,"column":null}}},"fnMap":{"0":{"name":"(anonymous_1)","decl":{"start":{"line":47,"column":0},"end":{"line":47,"column":null}},"loc":{"start":{"line":47,"column":0},"end":{"line":51,"column":null}}},"1":{"name":"(anonymous_2)","decl":{"start":{"line":56,"column":0},"end":{"line":56,"column":null}},"loc":{"start":{"line":56,"column":0},"end":{"line":64,"column":null}}},"2":{"name":"(anonymous_3)","decl":{"start":{"line":1,"column":0},"end":{"line":1,"column":null}},"loc":{"start":{"line":1,"column":0},"end":{"line":1,"column":null}}}},"branchMap":{"0":{"loc":{"start":{"line":57,"column":0},"end":{"line":63,"column":null}},"type":"if","locations":[{"start":{"line":57,"column":0},"end":{"line":63,"column":null}},{"start":{"line":57,"column":0},"end":{"line":63,"column":null}}]},"1":{"loc":{"start":{"line":57,"column":0},"end":{"line":57,"column":null}},"type":"binary-expr","locations":[{"start":{"line":57,"column":0},"end":{"line":57,"column":null}},{"start":{"line":57,"column":0},"end":{"line":57,"column":null}}]}},"s":{"0":3,"1":10,"2":10,"3":0,"4":0,"5":57},"f":{"0":10,"1":10,"2":16},"b":{"0":[0,10],"1":[10,8]}}
,"/Users/benjaminlison/Documents/startup/getit/components/utils/ImageUpload.vue": {"path":"/Users/benjaminlison/Documents/startup/getit/components/utils/ImageUpload.vue","statementMap":{"0":{"start":{"line":43,"column":0},"end":{"line":43,"column":null}},"1":{"start":{"line":69,"column":0},"end":{"line":69,"column":null}},"2":{"start":{"line":75,"column":0},"end":{"line":75,"column":null}},"3":{"start":{"line":78,"column":0},"end":{"line":78,"column":null}},"4":{"start":{"line":79,"column":0},"end":{"line":79,"column":null}},"5":{"start":{"line":85,"column":0},"end":{"line":85,"column":null}},"6":{"start":{"line":86,"column":0},"end":{"line":86,"column":null}},"7":{"start":{"line":87,"column":0},"end":{"line":87,"column":null}},"8":{"start":{"line":88,"column":0},"end":{"line":100,"column":null}},"9":{"start":{"line":89,"column":0},"end":{"line":89,"column":null}},"10":{"start":{"line":90,"column":0},"end":{"line":90,"column":null}},"11":{"start":{"line":91,"column":0},"end":{"line":91,"column":null}},"12":{"start":{"line":96,"column":0},"end":{"line":96,"column":null}},"13":{"start":{"line":98,"column":0},"end":{"line":98,"column":null}},"14":{"start":{"line":99,"column":0},"end":{"line":99,"column":null}},"15":{"start":{"line":103,"column":0},"end":{"line":110,"column":null}},"16":{"start":{"line":104,"column":0},"end":{"line":106,"column":null}},"17":{"start":{"line":105,"column":0},"end":{"line":105,"column":null}},"18":{"start":{"line":109,"column":0},"end":{"line":109,"column":null}},"19":{"start":{"line":1,"column":0},"end":{"line":1,"column":null}}},"fnMap":{"0":{"name":"(anonymous_0)","decl":{"start":{"line":69,"column":0},"end":{"line":69,"column":null}},"loc":{"start":{"line":69,"column":0},"end":{"line":69,"column":null}}},"1":{"name":"(anonymous_1)","decl":{"start":{"line":74,"column":0},"end":{"line":74,"column":null}},"loc":{"start":{"line":74,"column":0},"end":{"line":76,"column":null}}},"2":{"name":"(anonymous_2)","decl":{"start":{"line":77,"column":0},"end":{"line":77,"column":null}},"loc":{"start":{"line":77,"column":0},"end":{"line":80,"column":null}}},"3":{"name":"(anonymous_3)","decl":{"start":{"line":84,"column":0},"end":{"line":84,"column":null}},"loc":{"start":{"line":84,"column":0},"end":{"line":101,"column":null}}},"4":{"name":"(anonymous_4)","decl":{"start":{"line":102,"column":0},"end":{"line":102,"column":null}},"loc":{"start":{"line":102,"column":0},"end":{"line":111,"column":null}}},"5":{"name":"(anonymous_5)","decl":{"start":{"line":1,"column":0},"end":{"line":1,"column":null}},"loc":{"start":{"line":1,"column":0},"end":{"line":1,"column":null}}}},"branchMap":{"0":{"loc":{"start":{"line":104,"column":0},"end":{"line":106,"column":null}},"type":"if","locations":[{"start":{"line":104,"column":0},"end":{"line":106,"column":null}},{"start":{"line":104,"column":0},"end":{"line":106,"column":null}}]},"1":{"loc":{"start":{"line":1,"column":0},"end":{"line":1,"column":null}},"type":"cond-expr","locations":[{"start":{"line":1,"column":0},"end":{"line":1,"column":null}},{"start":{"line":1,"column":0},"end":{"line":1,"column":null}}]}},"s":{"0":0,"1":0,"2":0,"3":0,"4":0,"5":0,"6":0,"7":0,"8":0,"9":0,"10":0,"11":0,"12":0,"13":0,"14":0,"15":0,"16":0,"17":0,"18":0,"19":0},"f":{"0":0,"1":0,"2":0,"3":0,"4":0,"5":0},"b":{"0":[0,0],"1":[0,0]}}
,"/Users/benjaminlison/Documents/startup/getit/components/utils/Wysiwyg.vue": {"path":"/Users/benjaminlison/Documents/startup/getit/components/utils/Wysiwyg.vue","statementMap":{"0":{"start":{"line":55,"column":0},"end":{"line":55,"column":null}},"1":{"start":{"line":56,"column":0},"end":{"line":56,"column":null}},"2":{"start":{"line":57,"column":0},"end":{"line":57,"column":null}},"3":{"start":{"line":70,"column":0},"end":{"line":70,"column":null}},"4":{"start":{"line":74,"column":0},"end":{"line":74,"column":null}},"5":{"start":{"line":84,"column":0},"end":{"line":84,"column":null}},"6":{"start":{"line":89,"column":0},"end":{"line":89,"column":null}},"7":{"start":{"line":90,"column":0},"end":{"line":90,"column":null}},"8":{"start":{"line":1,"column":0},"end":{"line":1,"column":null}}},"fnMap":{"0":{"name":"(anonymous_1)","decl":{"start":{"line":70,"column":0},"end":{"line":70,"column":null}},"loc":{"start":{"line":70,"column":0},"end":{"line":70,"column":null}}},"1":{"name":"(anonymous_2)","decl":{"start":{"line":73,"column":0},"end":{"line":73,"column":null}},"loc":{"start":{"line":73,"column":0},"end":{"line":87,"column":null}}},"2":{"name":"(anonymous_3)","decl":{"start":{"line":83,"column":0},"end":{"line":83,"column":null}},"loc":{"start":{"line":83,"column":0},"end":{"line":85,"column":null}}},"3":{"name":"(anonymous_4)","decl":{"start":{"line":88,"column":0},"end":{"line":88,"column":null}},"loc":{"start":{"line":88,"column":0},"end":{"line":91,"column":null}}},"4":{"name":"(anonymous_5)","decl":{"start":{"line":1,"column":0},"end":{"line":1,"column":null}},"loc":{"start":{"line":1,"column":0},"end":{"line":1,"column":null}}}},"branchMap":{"0":{"loc":{"start":{"line":89,"column":0},"end":{"line":89,"column":null}},"type":"if","locations":[{"start":{"line":89,"column":0},"end":{"line":89,"column":null}},{"start":{"line":89,"column":0},"end":{"line":89,"column":null}}]}},"s":{"0":1,"1":1,"2":1,"3":4,"4":4,"5":0,"6":0,"7":0,"8":45},"f":{"0":4,"1":4,"2":0,"3":0,"4":14},"b":{"0":[0,0]}}
,"/Users/benjaminlison/Documents/startup/getit/pages/callback.vue": {"path":"/Users/benjaminlison/Documents/startup/getit/pages/callback.vue","statementMap":{"0":{"start":{"line":1,"column":0},"end":{"line":1,"column":null}}},"fnMap":{"0":{"name":"(anonymous_0)","decl":{"start":{"line":1,"column":0},"end":{"line":1,"column":null}},"loc":{"start":{"line":1,"column":0},"end":{"line":1,"column":null}}}},"branchMap":{},"s":{"0":0},"f":{"0":0},"b":{}}
,"/Users/benjaminlison/Documents/startup/getit/pages/components.vue": {"path":"/Users/benjaminlison/Documents/startup/getit/pages/components.vue","statementMap":{"0":{"start":{"line":183,"column":0},"end":{"line":183,"column":null}},"1":{"start":{"line":184,"column":0},"end":{"line":184,"column":null}},"2":{"start":{"line":185,"column":0},"end":{"line":185,"column":null}},"3":{"start":{"line":187,"column":0},"end":{"line":187,"column":null}},"4":{"start":{"line":197,"column":0},"end":{"line":197,"column":null}},"5":{"start":{"line":1,"column":0},"end":{"line":1,"column":null}}},"fnMap":{"0":{"name":"(anonymous_1)","decl":{"start":{"line":197,"column":0},"end":{"line":197,"column":null}},"loc":{"start":{"line":197,"column":0},"end":{"line":197,"column":null}}},"1":{"name":"(anonymous_2)","decl":{"start":{"line":1,"column":0},"end":{"line":1,"column":null}},"loc":{"start":{"line":1,"column":0},"end":{"line":1,"column":null}}}},"branchMap":{},"s":{"0":0,"1":0,"2":0,"3":0,"4":0,"5":0},"f":{"0":0,"1":0},"b":{}}
,"/Users/benjaminlison/Documents/startup/getit/pages/index.vue": {"path":"/Users/benjaminlison/Documents/startup/getit/pages/index.vue","statementMap":{"0":{"start":{"line":36,"column":0},"end":{"line":36,"column":null}},"1":{"start":{"line":1,"column":0},"end":{"line":1,"column":null}}},"fnMap":{"0":{"name":"(anonymous_0)","decl":{"start":{"line":1,"column":0},"end":{"line":1,"column":null}},"loc":{"start":{"line":1,"column":0},"end":{"line":1,"column":null}}}},"branchMap":{},"s":{"0":0,"1":0},"f":{"0":0},"b":{}}
,"/Users/benjaminlison/Documents/startup/getit/pages/login.vue": {"path":"/Users/benjaminlison/Documents/startup/getit/pages/login.vue","statementMap":{"0":{"start":{"line":127,"column":0},"end":{"line":127,"column":null}},"1":{"start":{"line":132,"column":0},"end":{"line":132,"column":null}},"2":{"start":{"line":143,"column":0},"end":{"line":168,"column":null}},"3":{"start":{"line":145,"column":0},"end":{"line":145,"column":null}},"4":{"start":{"line":147,"column":0},"end":{"line":147,"column":null}},"5":{"start":{"line":152,"column":0},"end":{"line":152,"column":null}},"6":{"start":{"line":155,"column":0},"end":{"line":155,"column":null}},"7":{"start":{"line":158,"column":0},"end":{"line":158,"column":null}},"8":{"start":{"line":161,"column":0},"end":{"line":161,"column":null}},"9":{"start":{"line":164,"column":0},"end":{"line":164,"column":null}},"10":{"start":{"line":165,"column":0},"end":{"line":165,"column":null}},"11":{"start":{"line":171,"column":0},"end":{"line":203,"column":null}},"12":{"start":{"line":173,"column":0},"end":{"line":173,"column":null}},"13":{"start":{"line":176,"column":0},"end":{"line":176,"column":null}},"14":{"start":{"line":181,"column":0},"end":{"line":183,"column":null}},"15":{"start":{"line":188,"column":0},"end":{"line":188,"column":null}},"16":{"start":{"line":191,"column":0},"end":{"line":191,"column":null}},"17":{"start":{"line":194,"column":0},"end":{"line":194,"column":null}},"18":{"start":{"line":197,"column":0},"end":{"line":197,"column":null}},"19":{"start":{"line":201,"column":0},"end":{"line":201,"column":null}},"20":{"start":{"line":202,"column":0},"end":{"line":202,"column":null}},"21":{"start":{"line":1,"column":0},"end":{"line":1,"column":null}}},"fnMap":{"0":{"name":"(anonymous_0)","decl":{"start":{"line":132,"column":0},"end":{"line":132,"column":null}},"loc":{"start":{"line":132,"column":0},"end":{"line":132,"column":null}}},"1":{"name":"(anonymous_1)","decl":{"start":{"line":142,"column":0},"end":{"line":142,"column":null}},"loc":{"start":{"line":142,"column":0},"end":{"line":169,"column":null}}},"2":{"name":"(anonymous_2)","decl":{"start":{"line":170,"column":0},"end":{"line":170,"column":null}},"loc":{"start":{"line":170,"column":0},"end":{"line":204,"column":null}}},"3":{"name":"(anonymous_3)","decl":{"start":{"line":1,"column":0},"end":{"line":1,"column":null}},"loc":{"start":{"line":1,"column":0},"end":{"line":1,"column":null}}}},"branchMap":{"0":{"loc":{"start":{"line":1,"column":0},"end":{"line":1,"column":null}},"type":"if","locations":[{"start":{"line":1,"column":0},"end":{"line":1,"column":null}},{"start":{"line":1,"column":0},"end":{"line":1,"column":null}}]}},"s":{"0":0,"1":0,"2":0,"3":0,"4":0,"5":0,"6":0,"7":0,"8":0,"9":0,"10":0,"11":0,"12":0,"13":0,"14":0,"15":0,"16":0,"17":0,"18":0,"19":0,"20":0,"21":0},"f":{"0":0,"1":0,"2":0,"3":0},"b":{"0":[0,0]}}
,"/Users/benjaminlison/Documents/startup/getit/pages/account/signup.vue": {"path":"/Users/benjaminlison/Documents/startup/getit/pages/account/signup.vue","statementMap":{"0":{"start":{"line":135,"column":0},"end":{"line":135,"column":null}},"1":{"start":{"line":148,"column":0},"end":{"line":165,"column":null}},"2":{"start":{"line":150,"column":0},"end":{"line":150,"column":null}},"3":{"start":{"line":152,"column":0},"end":{"line":152,"column":null}},"4":{"start":{"line":155,"column":0},"end":{"line":155,"column":null}},"5":{"start":{"line":158,"column":0},"end":{"line":158,"column":null}},"6":{"start":{"line":161,"column":0},"end":{"line":161,"column":null}},"7":{"start":{"line":162,"column":0},"end":{"line":162,"column":null}},"8":{"start":{"line":168,"column":0},"end":{"line":168,"column":null}},"9":{"start":{"line":169,"column":0},"end":{"line":169,"column":null}},"10":{"start":{"line":1,"column":0},"end":{"line":1,"column":null}}},"fnMap":{"0":{"name":"(anonymous_0)","decl":{"start":{"line":135,"column":0},"end":{"line":135,"column":null}},"loc":{"start":{"line":135,"column":0},"end":{"line":135,"column":null}}},"1":{"name":"(anonymous_1)","decl":{"start":{"line":147,"column":0},"end":{"line":147,"column":null}},"loc":{"start":{"line":147,"column":0},"end":{"line":166,"column":null}}},"2":{"name":"(anonymous_2)","decl":{"start":{"line":167,"column":0},"end":{"line":167,"column":null}},"loc":{"start":{"line":167,"column":0},"end":{"line":170,"column":null}}},"3":{"name":"(anonymous_3)","decl":{"start":{"line":1,"column":0},"end":{"line":1,"column":null}},"loc":{"start":{"line":1,"column":0},"end":{"line":1,"column":null}}}},"branchMap":{"0":{"loc":{"start":{"line":1,"column":0},"end":{"line":1,"column":null}},"type":"if","locations":[{"start":{"line":1,"column":0},"end":{"line":1,"column":null}},{"start":{"line":1,"column":0},"end":{"line":1,"column":null}}]}},"s":{"0":0,"1":0,"2":0,"3":0,"4":0,"5":0,"6":0,"7":0,"8":0,"9":0,"10":0},"f":{"0":0,"1":0,"2":0,"3":0},"b":{"0":[0,0]}}
,"/Users/benjaminlison/Documents/startup/getit/pages/account/forgot/_id.vue": {"path":"/Users/benjaminlison/Documents/startup/getit/pages/account/forgot/_id.vue","statementMap":{"0":{"start":{"line":99,"column":0},"end":{"line":106,"column":null}},"1":{"start":{"line":100,"column":0},"end":{"line":100,"column":null}},"2":{"start":{"line":101,"column":0},"end":{"line":101,"column":null}},"3":{"start":{"line":102,"column":0},"end":{"line":102,"column":null}},"4":{"start":{"line":104,"column":0},"end":{"line":104,"column":null}},"5":{"start":{"line":105,"column":0},"end":{"line":105,"column":null}},"6":{"start":{"line":108,"column":0},"end":{"line":108,"column":null}},"7":{"start":{"line":116,"column":0},"end":{"line":141,"column":null}},"8":{"start":{"line":118,"column":0},"end":{"line":118,"column":null}},"9":{"start":{"line":121,"column":0},"end":{"line":121,"column":null}},"10":{"start":{"line":126,"column":0},"end":{"line":126,"column":null}},"11":{"start":{"line":131,"column":0},"end":{"line":131,"column":null}},"12":{"start":{"line":134,"column":0},"end":{"line":134,"column":null}},"13":{"start":{"line":137,"column":0},"end":{"line":137,"column":null}},"14":{"start":{"line":138,"column":0},"end":{"line":138,"column":null}},"15":{"start":{"line":1,"column":0},"end":{"line":1,"column":null}}},"fnMap":{"0":{"name":"(anonymous_0)","decl":{"start":{"line":98,"column":0},"end":{"line":98,"column":null}},"loc":{"start":{"line":98,"column":0},"end":{"line":107,"column":null}}},"1":{"name":"(anonymous_1)","decl":{"start":{"line":108,"column":0},"end":{"line":108,"column":null}},"loc":{"start":{"line":108,"column":0},"end":{"line":108,"column":null}}},"2":{"name":"(anonymous_2)","decl":{"start":{"line":115,"column":0},"end":{"line":115,"column":null}},"loc":{"start":{"line":115,"column":0},"end":{"line":142,"column":null}}},"3":{"name":"(anonymous_3)","decl":{"start":{"line":1,"column":0},"end":{"line":1,"column":null}},"loc":{"start":{"line":1,"column":0},"end":{"line":1,"column":null}}}},"branchMap":{"0":{"loc":{"start":{"line":1,"column":0},"end":{"line":1,"column":null}},"type":"if","locations":[{"start":{"line":1,"column":0},"end":{"line":1,"column":null}},{"start":{"line":1,"column":0},"end":{"line":1,"column":null}}]}},"s":{"0":0,"1":0,"2":0,"3":0,"4":0,"5":0,"6":0,"7":0,"8":0,"9":0,"10":0,"11":0,"12":0,"13":0,"14":0,"15":0},"f":{"0":0,"1":0,"2":0,"3":0},"b":{"0":[0,0]}}
,"/Users/benjaminlison/Documents/startup/getit/pages/account/forgot/index.vue": {"path":"/Users/benjaminlison/Documents/startup/getit/pages/account/forgot/index.vue","statementMap":{"0":{"start":{"line":65,"column":0},"end":{"line":65,"column":null}},"1":{"start":{"line":75,"column":0},"end":{"line":97,"column":null}},"2":{"start":{"line":77,"column":0},"end":{"line":77,"column":null}},"3":{"start":{"line":80,"column":0},"end":{"line":80,"column":null}},"4":{"start":{"line":83,"column":0},"end":{"line":83,"column":null}},"5":{"start":{"line":87,"column":0},"end":{"line":87,"column":null}},"6":{"start":{"line":90,"column":0},"end":{"line":90,"column":null}},"7":{"start":{"line":93,"column":0},"end":{"line":93,"column":null}},"8":{"start":{"line":94,"column":0},"end":{"line":94,"column":null}},"9":{"start":{"line":1,"column":0},"end":{"line":1,"column":null}}},"fnMap":{"0":{"name":"(anonymous_0)","decl":{"start":{"line":65,"column":0},"end":{"line":65,"column":null}},"loc":{"start":{"line":65,"column":0},"end":{"line":65,"column":null}}},"1":{"name":"(anonymous_1)","decl":{"start":{"line":74,"column":0},"end":{"line":74,"column":null}},"loc":{"start":{"line":74,"column":0},"end":{"line":98,"column":null}}},"2":{"name":"(anonymous_2)","decl":{"start":{"line":1,"column":0},"end":{"line":1,"column":null}},"loc":{"start":{"line":1,"column":0},"end":{"line":1,"column":null}}}},"branchMap":{"0":{"loc":{"start":{"line":1,"column":0},"end":{"line":1,"column":null}},"type":"if","locations":[{"start":{"line":1,"column":0},"end":{"line":1,"column":null}},{"start":{"line":1,"column":0},"end":{"line":1,"column":null}}]}},"s":{"0":0,"1":0,"2":0,"3":0,"4":0,"5":0,"6":0,"7":0,"8":0,"9":0},"f":{"0":0,"1":0,"2":0},"b":{"0":[0,0]}}
,"/Users/benjaminlison/Documents/startup/getit/pages/account/verify/_id.vue": {"path":"/Users/benjaminlison/Documents/startup/getit/pages/account/verify/_id.vue","statementMap":{"0":{"start":{"line":37,"column":0},"end":{"line":37,"column":null}},"1":{"start":{"line":42,"column":0},"end":{"line":42,"column":null}},"2":{"start":{"line":46,"column":0},"end":{"line":55,"column":null}},"3":{"start":{"line":47,"column":0},"end":{"line":47,"column":null}},"4":{"start":{"line":48,"column":0},"end":{"line":48,"column":null}},"5":{"start":{"line":49,"column":0},"end":{"line":49,"column":null}},"6":{"start":{"line":50,"column":0},"end":{"line":50,"column":null}},"7":{"start":{"line":51,"column":0},"end":{"line":51,"column":null}},"8":{"start":{"line":53,"column":0},"end":{"line":53,"column":null}},"9":{"start":{"line":54,"column":0},"end":{"line":54,"column":null}},"10":{"start":{"line":1,"column":0},"end":{"line":1,"column":null}}},"fnMap":{"0":{"name":"(anonymous_0)","decl":{"start":{"line":37,"column":0},"end":{"line":37,"column":null}},"loc":{"start":{"line":37,"column":0},"end":{"line":37,"column":null}}},"1":{"name":"(anonymous_1)","decl":{"start":{"line":41,"column":0},"end":{"line":41,"column":null}},"loc":{"start":{"line":41,"column":0},"end":{"line":43,"column":null}}},"2":{"name":"(anonymous_2)","decl":{"start":{"line":45,"column":0},"end":{"line":45,"column":null}},"loc":{"start":{"line":45,"column":0},"end":{"line":56,"column":null}}},"3":{"name":"(anonymous_3)","decl":{"start":{"line":1,"column":0},"end":{"line":1,"column":null}},"loc":{"start":{"line":1,"column":0},"end":{"line":1,"column":null}}}},"branchMap":{"0":{"loc":{"start":{"line":1,"column":0},"end":{"line":1,"column":null}},"type":"cond-expr","locations":[{"start":{"line":1,"column":0},"end":{"line":1,"column":null}},{"start":{"line":1,"column":0},"end":{"line":1,"column":null}}]}},"s":{"0":0,"1":0,"2":0,"3":0,"4":0,"5":0,"6":0,"7":0,"8":0,"9":0,"10":0},"f":{"0":0,"1":0,"2":0,"3":0},"b":{"0":[0,0]}}
,"/Users/benjaminlison/Documents/startup/getit/pages/article/_id.vue": {"path":"/Users/benjaminlison/Documents/startup/getit/pages/article/_id.vue","statementMap":{"0":{"start":{"line":77,"column":0},"end":{"line":77,"column":null}},"1":{"start":{"line":82,"column":0},"end":{"line":87,"column":null}},"2":{"start":{"line":83,"column":0},"end":{"line":83,"column":null}},"3":{"start":{"line":84,"column":0},"end":{"line":84,"column":null}},"4":{"start":{"line":86,"column":0},"end":{"line":86,"column":null}},"5":{"start":{"line":89,"column":0},"end":{"line":89,"column":null}},"6":{"start":{"line":92,"column":0},"end":{"line":99,"column":null}},"7":{"start":{"line":93,"column":0},"end":{"line":93,"column":null}},"8":{"start":{"line":96,"column":0},"end":{"line":96,"column":null}},"9":{"start":{"line":98,"column":0},"end":{"line":98,"column":null}},"10":{"start":{"line":1,"column":0},"end":{"line":1,"column":null}}},"fnMap":{"0":{"name":"(anonymous_0)","decl":{"start":{"line":81,"column":0},"end":{"line":81,"column":null}},"loc":{"start":{"line":81,"column":0},"end":{"line":88,"column":null}}},"1":{"name":"(anonymous_1)","decl":{"start":{"line":89,"column":0},"end":{"line":89,"column":null}},"loc":{"start":{"line":89,"column":0},"end":{"line":89,"column":null}}},"2":{"name":"(anonymous_2)","decl":{"start":{"line":91,"column":0},"end":{"line":91,"column":null}},"loc":{"start":{"line":91,"column":0},"end":{"line":100,"column":null}}},"3":{"name":"(anonymous_3)","decl":{"start":{"line":1,"column":0},"end":{"line":1,"column":null}},"loc":{"start":{"line":1,"column":0},"end":{"line":1,"column":null}}}},"branchMap":{"0":{"loc":{"start":{"line":1,"column":0},"end":{"line":1,"column":null}},"type":"cond-expr","locations":[{"start":{"line":1,"column":0},"end":{"line":1,"column":null}},{"start":{"line":1,"column":0},"end":{"line":1,"column":null}}]}},"s":{"0":0,"1":0,"2":0,"3":0,"4":0,"5":0,"6":0,"7":0,"8":0,"9":0,"10":0},"f":{"0":0,"1":0,"2":0,"3":0},"b":{"0":[0,0]}}
,"/Users/benjaminlison/Documents/startup/getit/pages/article/create.vue": {"path":"/Users/benjaminlison/Documents/startup/getit/pages/article/create.vue","statementMap":{"0":{"start":{"line":155,"column":0},"end":{"line":155,"column":null}},"1":{"start":{"line":156,"column":0},"end":{"line":156,"column":null}},"2":{"start":{"line":157,"column":0},"end":{"line":157,"column":null}},"3":{"start":{"line":158,"column":0},"end":{"line":158,"column":null}},"4":{"start":{"line":169,"column":0},"end":{"line":169,"column":null}},"5":{"start":{"line":170,"column":0},"end":{"line":170,"column":null}},"6":{"start":{"line":171,"column":0},"end":{"line":176,"column":null}},"7":{"start":{"line":172,"column":0},"end":{"line":172,"column":null}},"8":{"start":{"line":173,"column":0},"end":{"line":173,"column":null}},"9":{"start":{"line":178,"column":0},"end":{"line":178,"column":null}},"10":{"start":{"line":192,"column":0},"end":{"line":192,"column":null}},"11":{"start":{"line":195,"column":0},"end":{"line":195,"column":null}},"12":{"start":{"line":199,"column":0},"end":{"line":199,"column":null}},"13":{"start":{"line":200,"column":0},"end":{"line":200,"column":null}},"14":{"start":{"line":204,"column":0},"end":{"line":204,"column":null}},"15":{"start":{"line":207,"column":0},"end":{"line":207,"column":null}},"16":{"start":{"line":208,"column":0},"end":{"line":208,"column":null}},"17":{"start":{"line":211,"column":0},"end":{"line":211,"column":null}},"18":{"start":{"line":214,"column":0},"end":{"line":214,"column":null}},"19":{"start":{"line":217,"column":0},"end":{"line":224,"column":null}},"20":{"start":{"line":218,"column":0},"end":{"line":218,"column":null}},"21":{"start":{"line":219,"column":0},"end":{"line":219,"column":null}},"22":{"start":{"line":221,"column":0},"end":{"line":221,"column":null}},"23":{"start":{"line":223,"column":0},"end":{"line":223,"column":null}},"24":{"start":{"line":1,"column":0},"end":{"line":1,"column":null}}},"fnMap":{"0":{"name":"(anonymous_1)","decl":{"start":{"line":168,"column":0},"end":{"line":168,"column":null}},"loc":{"start":{"line":168,"column":0},"end":{"line":177,"column":null}}},"1":{"name":"(anonymous_2)","decl":{"start":{"line":178,"column":0},"end":{"line":178,"column":null}},"loc":{"start":{"line":178,"column":0},"end":{"line":178,"column":null}}},"2":{"name":"(anonymous_3)","decl":{"start":{"line":191,"column":0},"end":{"line":191,"column":null}},"loc":{"start":{"line":191,"column":0},"end":{"line":193,"column":null}}},"3":{"name":"(anonymous_4)","decl":{"start":{"line":194,"column":0},"end":{"line":194,"column":null}},"loc":{"start":{"line":194,"column":0},"end":{"line":196,"column":null}}},"4":{"name":"(anonymous_5)","decl":{"start":{"line":198,"column":0},"end":{"line":198,"column":null}},"loc":{"start":{"line":198,"column":0},"end":{"line":201,"column":null}}},"5":{"name":"(anonymous_6)","decl":{"start":{"line":203,"column":0},"end":{"line":203,"column":null}},"loc":{"start":{"line":203,"column":0},"end":{"line":205,"column":null}}},"6":{"name":"(anonymous_7)","decl":{"start":{"line":206,"column":0},"end":{"line":206,"column":null}},"loc":{"start":{"line":206,"column":0},"end":{"line":209,"column":null}}},"7":{"name":"(anonymous_8)","decl":{"start":{"line":210,"column":0},"end":{"line":210,"column":null}},"loc":{"start":{"line":210,"column":0},"end":{"line":212,"column":null}}},"8":{"name":"(anonymous_9)","decl":{"start":{"line":213,"column":0},"end":{"line":213,"column":null}},"loc":{"start":{"line":213,"column":0},"end":{"line":215,"column":null}}},"9":{"name":"(anonymous_10)","decl":{"start":{"line":216,"column":0},"end":{"line":216,"column":null}},"loc":{"start":{"line":216,"column":0},"end":{"line":225,"column":null}}},"10":{"name":"(anonymous_11)","decl":{"start":{"line":1,"column":0},"end":{"line":1,"column":null}},"loc":{"start":{"line":1,"column":0},"end":{"line":1,"column":null}}}},"branchMap":{"0":{"loc":{"start":{"line":170,"column":0},"end":{"line":170,"column":null}},"type":"if","locations":[{"start":{"line":170,"column":0},"end":{"line":170,"column":null}},{"start":{"line":170,"column":0},"end":{"line":170,"column":null}}]},"1":{"loc":{"start":{"line":192,"column":0},"end":{"line":192,"column":null}},"type":"cond-expr","locations":[{"start":{"line":192,"column":0},"end":{"line":192,"column":null}},{"start":{"line":192,"column":0},"end":{"line":192,"column":null}}]},"2":{"loc":{"start":{"line":199,"column":0},"end":{"line":199,"column":null}},"type":"if","locations":[{"start":{"line":199,"column":0},"end":{"line":199,"column":null}},{"start":{"line":199,"column":0},"end":{"line":199,"column":null}}]},"3":{"loc":{"start":{"line":1,"column":0},"end":{"line":1,"column":null}},"type":"if","locations":[{"start":{"line":1,"column":0},"end":{"line":1,"column":null}},{"start":{"line":1,"column":0},"end":{"line":1,"column":null}}]}},"s":{"0":0,"1":0,"2":0,"3":0,"4":0,"5":0,"6":0,"7":0,"8":0,"9":0,"10":0,"11":0,"12":0,"13":0,"14":0,"15":0,"16":0,"17":0,"18":0,"19":0,"20":0,"21":0,"22":0,"23":0,"24":0},"f":{"0":0,"1":0,"2":0,"3":0,"4":0,"5":0,"6":0,"7":0,"8":0,"9":0,"10":0},"b":{"0":[0,0],"1":[0,0],"2":[0,0],"3":[0,0]}}
,"/Users/benjaminlison/Documents/startup/getit/pages/article/edit/_id.vue": {"path":"/Users/benjaminlison/Documents/startup/getit/pages/article/edit/_id.vue","statementMap":{"0":{"start":{"line":178,"column":0},"end":{"line":178,"column":null}},"1":{"start":{"line":179,"column":0},"end":{"line":179,"column":null}},"2":{"start":{"line":180,"column":0},"end":{"line":180,"column":null}},"3":{"start":{"line":181,"column":0},"end":{"line":181,"column":null}},"4":{"start":{"line":182,"column":0},"end":{"line":182,"column":null}},"5":{"start":{"line":193,"column":0},"end":{"line":201,"column":null}},"6":{"start":{"line":194,"column":0},"end":{"line":194,"column":null}},"7":{"start":{"line":195,"column":0},"end":{"line":195,"column":null}},"8":{"start":{"line":198,"column":0},"end":{"line":198,"column":null}},"9":{"start":{"line":200,"column":0},"end":{"line":200,"column":null}},"10":{"start":{"line":203,"column":0},"end":{"line":203,"column":null}},"11":{"start":{"line":220,"column":0},"end":{"line":220,"column":null}},"12":{"start":{"line":223,"column":0},"end":{"line":223,"column":null}},"13":{"start":{"line":228,"column":0},"end":{"line":228,"column":null}},"14":{"start":{"line":231,"column":0},"end":{"line":231,"column":null}},"15":{"start":{"line":232,"column":0},"end":{"line":232,"column":null}},"16":{"start":{"line":235,"column":0},"end":{"line":235,"column":null}},"17":{"start":{"line":238,"column":0},"end":{"line":238,"column":null}},"18":{"start":{"line":241,"column":0},"end":{"line":251,"column":null}},"19":{"start":{"line":242,"column":0},"end":{"line":242,"column":null}},"20":{"start":{"line":247,"column":0},"end":{"line":247,"column":null}},"21":{"start":{"line":248,"column":0},"end":{"line":248,"column":null}},"22":{"start":{"line":250,"column":0},"end":{"line":250,"column":null}},"23":{"start":{"line":254,"column":0},"end":{"line":254,"column":null}},"24":{"start":{"line":255,"column":0},"end":{"line":255,"column":null}},"25":{"start":{"line":256,"column":0},"end":{"line":256,"column":null}},"26":{"start":{"line":257,"column":0},"end":{"line":257,"column":null}},"27":{"start":{"line":258,"column":0},"end":{"line":258,"column":null}},"28":{"start":{"line":259,"column":0},"end":{"line":259,"column":null}},"29":{"start":{"line":1,"column":0},"end":{"line":1,"column":null}}},"fnMap":{"0":{"name":"(anonymous_1)","decl":{"start":{"line":192,"column":0},"end":{"line":192,"column":null}},"loc":{"start":{"line":192,"column":0},"end":{"line":202,"column":null}}},"1":{"name":"(anonymous_2)","decl":{"start":{"line":203,"column":0},"end":{"line":203,"column":null}},"loc":{"start":{"line":203,"column":0},"end":{"line":203,"column":null}}},"2":{"name":"(anonymous_3)","decl":{"start":{"line":218,"column":0},"end":{"line":218,"column":null}},"loc":{"start":{"line":218,"column":0},"end":{"line":221,"column":null}}},"3":{"name":"(anonymous_4)","decl":{"start":{"line":222,"column":0},"end":{"line":222,"column":null}},"loc":{"start":{"line":222,"column":0},"end":{"line":224,"column":null}}},"4":{"name":"(anonymous_5)","decl":{"start":{"line":227,"column":0},"end":{"line":227,"column":null}},"loc":{"start":{"line":227,"column":0},"end":{"line":229,"column":null}}},"5":{"name":"(anonymous_6)","decl":{"start":{"line":230,"column":0},"end":{"line":230,"column":null}},"loc":{"start":{"line":230,"column":0},"end":{"line":233,"column":null}}},"6":{"name":"(anonymous_7)","decl":{"start":{"line":234,"column":0},"end":{"line":234,"column":null}},"loc":{"start":{"line":234,"column":0},"end":{"line":236,"column":null}}},"7":{"name":"(anonymous_8)","decl":{"start":{"line":237,"column":0},"end":{"line":237,"column":null}},"loc":{"start":{"line":237,"column":0},"end":{"line":239,"column":null}}},"8":{"name":"(anonymous_9)","decl":{"start":{"line":240,"column":0},"end":{"line":240,"column":null}},"loc":{"start":{"line":240,"column":0},"end":{"line":252,"column":null}}},"9":{"name":"(anonymous_10)","decl":{"start":{"line":253,"column":0},"end":{"line":253,"column":null}},"loc":{"start":{"line":253,"column":0},"end":{"line":260,"column":null}}},"10":{"name":"(anonymous_11)","decl":{"start":{"line":1,"column":0},"end":{"line":1,"column":null}},"loc":{"start":{"line":1,"column":0},"end":{"line":1,"column":null}}}},"branchMap":{"0":{"loc":{"start":{"line":220,"column":0},"end":{"line":220,"column":null}},"type":"cond-expr","locations":[{"start":{"line":220,"column":0},"end":{"line":220,"column":null}},{"start":{"line":220,"column":0},"end":{"line":220,"column":null}}]},"1":{"loc":{"start":{"line":1,"column":0},"end":{"line":1,"column":null}},"type":"if","locations":[{"start":{"line":1,"column":0},"end":{"line":1,"column":null}},{"start":{"line":1,"column":0},"end":{"line":1,"column":null}}]}},"s":{"0":0,"1":0,"2":0,"3":0,"4":0,"5":0,"6":0,"7":0,"8":0,"9":0,"10":0,"11":0,"12":0,"13":0,"14":0,"15":0,"16":0,"17":0,"18":0,"19":0,"20":0,"21":0,"22":0,"23":0,"24":0,"25":0,"26":0,"27":0,"28":0,"29":0},"f":{"0":0,"1":0,"2":0,"3":0,"4":0,"5":0,"6":0,"7":0,"8":0,"9":0,"10":0},"b":{"0":[0,0],"1":[0,0]}}
,"/Users/benjaminlison/Documents/startup/getit/pages/category/_id.vue": {"path":"/Users/benjaminlison/Documents/startup/getit/pages/category/_id.vue","statementMap":{"0":{"start":{"line":66,"column":0},"end":{"line":66,"column":null}},"1":{"start":{"line":74,"column":0},"end":{"line":82,"column":null}},"2":{"start":{"line":75,"column":0},"end":{"line":75,"column":null}},"3":{"start":{"line":76,"column":0},"end":{"line":76,"column":null}},"4":{"start":{"line":79,"column":0},"end":{"line":79,"column":null}},"5":{"start":{"line":81,"column":0},"end":{"line":81,"column":null}},"6":{"start":{"line":86,"column":0},"end":{"line":86,"column":null}},"7":{"start":{"line":1,"column":0},"end":{"line":1,"column":null}}},"fnMap":{"0":{"name":"(anonymous_1)","decl":{"start":{"line":73,"column":0},"end":{"line":73,"column":null}},"loc":{"start":{"line":73,"column":0},"end":{"line":83,"column":null}}},"1":{"name":"(anonymous_2)","decl":{"start":{"line":85,"column":0},"end":{"line":85,"column":null}},"loc":{"start":{"line":85,"column":0},"end":{"line":87,"column":null}}},"2":{"name":"(anonymous_3)","decl":{"start":{"line":1,"column":0},"end":{"line":1,"column":null}},"loc":{"start":{"line":1,"column":0},"end":{"line":1,"column":null}}}},"branchMap":{"0":{"loc":{"start":{"line":1,"column":0},"end":{"line":1,"column":null}},"type":"cond-expr","locations":[{"start":{"line":1,"column":0},"end":{"line":1,"column":null}},{"start":{"line":1,"column":0},"end":{"line":1,"column":null}}]}},"s":{"0":0,"1":0,"2":0,"3":0,"4":0,"5":0,"6":0,"7":0},"f":{"0":0,"1":0,"2":0},"b":{"0":[0,0]}}
,"/Users/benjaminlison/Documents/startup/getit/pages/category/create.vue": {"path":"/Users/benjaminlison/Documents/startup/getit/pages/category/create.vue","statementMap":{"0":{"start":{"line":39,"column":0},"end":{"line":39,"column":null}},"1":{"start":{"line":47,"column":0},"end":{"line":60,"column":null}},"2":{"start":{"line":48,"column":0},"end":{"line":48,"column":null}},"3":{"start":{"line":49,"column":0},"end":{"line":49,"column":null}},"4":{"start":{"line":50,"column":0},"end":{"line":50,"column":null}},"5":{"start":{"line":51,"column":0},"end":{"line":54,"column":null}},"6":{"start":{"line":52,"column":0},"end":{"line":52,"column":null}},"7":{"start":{"line":53,"column":0},"end":{"line":53,"column":null}},"8":{"start":{"line":55,"column":0},"end":{"line":55,"column":null}},"9":{"start":{"line":56,"column":0},"end":{"line":56,"column":null}},"10":{"start":{"line":58,"column":0},"end":{"line":58,"column":null}},"11":{"start":{"line":59,"column":0},"end":{"line":59,"column":null}},"12":{"start":{"line":1,"column":0},"end":{"line":1,"column":null}}},"fnMap":{"0":{"name":"(anonymous_0)","decl":{"start":{"line":39,"column":0},"end":{"line":39,"column":null}},"loc":{"start":{"line":39,"column":0},"end":{"line":39,"column":null}}},"1":{"name":"(anonymous_1)","decl":{"start":{"line":46,"column":0},"end":{"line":46,"column":null}},"loc":{"start":{"line":46,"column":0},"end":{"line":61,"column":null}}},"2":{"name":"(anonymous_2)","decl":{"start":{"line":51,"column":0},"end":{"line":51,"column":null}},"loc":{"start":{"line":51,"column":0},"end":{"line":54,"column":null}}},"3":{"name":"(anonymous_3)","decl":{"start":{"line":1,"column":0},"end":{"line":1,"column":null}},"loc":{"start":{"line":1,"column":0},"end":{"line":1,"column":null}}}},"branchMap":{"0":{"loc":{"start":{"line":1,"column":0},"end":{"line":1,"column":null}},"type":"if","locations":[{"start":{"line":1,"column":0},"end":{"line":1,"column":null}},{"start":{"line":1,"column":0},"end":{"line":1,"column":null}}]}},"s":{"0":0,"1":0,"2":0,"3":0,"4":0,"5":0,"6":0,"7":0,"8":0,"9":0,"10":0,"11":0,"12":3},"f":{"0":0,"1":0,"2":0,"3":0},"b":{"0":[0,0]}}
,"/Users/benjaminlison/Documents/startup/getit/pages/category/index.vue": {"path":"/Users/benjaminlison/Documents/startup/getit/pages/category/index.vue","statementMap":{"0":{"start":{"line":45,"column":0},"end":{"line":45,"column":null}},"1":{"start":{"line":53,"column":0},"end":{"line":53,"column":null}},"2":{"start":{"line":54,"column":0},"end":{"line":54,"column":null}},"3":{"start":{"line":55,"column":0},"end":{"line":57,"column":null}},"4":{"start":{"line":56,"column":0},"end":{"line":56,"column":null}},"5":{"start":{"line":58,"column":0},"end":{"line":58,"column":null}},"6":{"start":{"line":62,"column":0},"end":{"line":62,"column":null}},"7":{"start":{"line":1,"column":0},"end":{"line":1,"column":null}}},"fnMap":{"0":{"name":"(anonymous_1)","decl":{"start":{"line":52,"column":0},"end":{"line":52,"column":null}},"loc":{"start":{"line":52,"column":0},"end":{"line":59,"column":null}}},"1":{"name":"(anonymous_2)","decl":{"start":{"line":61,"column":0},"end":{"line":61,"column":null}},"loc":{"start":{"line":61,"column":0},"end":{"line":63,"column":null}}},"2":{"name":"(anonymous_3)","decl":{"start":{"line":1,"column":0},"end":{"line":1,"column":null}},"loc":{"start":{"line":1,"column":0},"end":{"line":1,"column":null}}}},"branchMap":{"0":{"loc":{"start":{"line":55,"column":0},"end":{"line":57,"column":null}},"type":"if","locations":[{"start":{"line":55,"column":0},"end":{"line":57,"column":null}},{"start":{"line":55,"column":0},"end":{"line":57,"column":null}}]},"1":{"loc":{"start":{"line":1,"column":0},"end":{"line":1,"column":null}},"type":"cond-expr","locations":[{"start":{"line":1,"column":0},"end":{"line":1,"column":null}},{"start":{"line":1,"column":0},"end":{"line":1,"column":null}}]}},"s":{"0":1,"1":0,"2":0,"3":0,"4":0,"5":0,"6":0,"7":3},"f":{"0":0,"1":0,"2":0},"b":{"0":[0,0],"1":[0,0]}}
,"/Users/benjaminlison/Documents/startup/getit/pages/category/edit/_id.vue": {"path":"/Users/benjaminlison/Documents/startup/getit/pages/category/edit/_id.vue","statementMap":{"0":{"start":{"line":55,"column":0},"end":{"line":55,"column":null}},"1":{"start":{"line":56,"column":0},"end":{"line":56,"column":null}},"2":{"start":{"line":58,"column":0},"end":{"line":58,"column":null}},"3":{"start":{"line":67,"column":0},"end":{"line":83,"column":null}},"4":{"start":{"line":68,"column":0},"end":{"line":68,"column":null}},"5":{"start":{"line":69,"column":0},"end":{"line":69,"column":null}},"6":{"start":{"line":73,"column":0},"end":{"line":73,"column":null}},"7":{"start":{"line":74,"column":0},"end":{"line":77,"column":null}},"8":{"start":{"line":75,"column":0},"end":{"line":75,"column":null}},"9":{"start":{"line":76,"column":0},"end":{"line":76,"column":null}},"10":{"start":{"line":78,"column":0},"end":{"line":78,"column":null}},"11":{"start":{"line":79,"column":0},"end":{"line":79,"column":null}},"12":{"start":{"line":81,"column":0},"end":{"line":81,"column":null}},"13":{"start":{"line":82,"column":0},"end":{"line":82,"column":null}},"14":{"start":{"line":86,"column":0},"end":{"line":86,"column":null}},"15":{"start":{"line":87,"column":0},"end":{"line":87,"column":null}},"16":{"start":{"line":88,"column":0},"end":{"line":88,"column":null}},"17":{"start":{"line":89,"column":0},"end":{"line":89,"column":null}},"18":{"start":{"line":90,"column":0},"end":{"line":90,"column":null}},"19":{"start":{"line":93,"column":0},"end":{"line":93,"column":null}},"20":{"start":{"line":1,"column":0},"end":{"line":1,"column":null}}},"fnMap":{"0":{"name":"(anonymous_0)","decl":{"start":{"line":54,"column":0},"end":{"line":54,"column":null}},"loc":{"start":{"line":54,"column":0},"end":{"line":57,"column":null}}},"1":{"name":"(anonymous_1)","decl":{"start":{"line":58,"column":0},"end":{"line":58,"column":null}},"loc":{"start":{"line":58,"column":0},"end":{"line":58,"column":null}}},"2":{"name":"(anonymous_2)","decl":{"start":{"line":66,"column":0},"end":{"line":66,"column":null}},"loc":{"start":{"line":66,"column":0},"end":{"line":84,"column":null}}},"3":{"name":"(anonymous_3)","decl":{"start":{"line":74,"column":0},"end":{"line":74,"column":null}},"loc":{"start":{"line":74,"column":0},"end":{"line":77,"column":null}}},"4":{"name":"(anonymous_4)","decl":{"start":{"line":85,"column":0},"end":{"line":85,"column":null}},"loc":{"start":{"line":85,"column":0},"end":{"line":94,"column":null}}},"5":{"name":"(anonymous_5)","decl":{"start":{"line":1,"column":0},"end":{"line":1,"column":null}},"loc":{"start":{"line":1,"column":0},"end":{"line":1,"column":null}}}},"branchMap":{"0":{"loc":{"start":{"line":1,"column":0},"end":{"line":1,"column":null}},"type":"if","locations":[{"start":{"line":1,"column":0},"end":{"line":1,"column":null}},{"start":{"line":1,"column":0},"end":{"line":1,"column":null}}]}},"s":{"0":0,"1":0,"2":0,"3":0,"4":0,"5":0,"6":0,"7":0,"8":0,"9":0,"10":0,"11":0,"12":0,"13":0,"14":0,"15":0,"16":0,"17":0,"18":0,"19":0,"20":0},"f":{"0":0,"1":0,"2":0,"3":0,"4":0,"5":0},"b":{"0":[0,0]}}
,"/Users/benjaminlison/Documents/startup/getit/pages/profile/index.vue": {"path":"/Users/benjaminlison/Documents/startup/getit/pages/profile/index.vue","statementMap":{"0":{"start":{"line":40,"column":0},"end":{"line":40,"column":null}},"1":{"start":{"line":45,"column":0},"end":{"line":45,"column":null}},"2":{"start":{"line":52,"column":0},"end":{"line":60,"column":null}},"3":{"start":{"line":53,"column":0},"end":{"line":53,"column":null}},"4":{"start":{"line":54,"column":0},"end":{"line":54,"column":null}},"5":{"start":{"line":55,"column":0},"end":{"line":55,"column":null}},"6":{"start":{"line":57,"column":0},"end":{"line":57,"column":null}},"7":{"start":{"line":59,"column":0},"end":{"line":59,"column":null}},"8":{"start":{"line":1,"column":0},"end":{"line":1,"column":null}}},"fnMap":{"0":{"name":"(anonymous_0)","decl":{"start":{"line":45,"column":0},"end":{"line":45,"column":null}},"loc":{"start":{"line":45,"column":0},"end":{"line":45,"column":null}}},"1":{"name":"(anonymous_1)","decl":{"start":{"line":51,"column":0},"end":{"line":51,"column":null}},"loc":{"start":{"line":51,"column":0},"end":{"line":61,"column":null}}},"2":{"name":"(anonymous_2)","decl":{"start":{"line":1,"column":0},"end":{"line":1,"column":null}},"loc":{"start":{"line":1,"column":0},"end":{"line":1,"column":null}}}},"branchMap":{"0":{"loc":{"start":{"line":1,"column":0},"end":{"line":1,"column":null}},"type":"cond-expr","locations":[{"start":{"line":1,"column":0},"end":{"line":1,"column":null}},{"start":{"line":1,"column":0},"end":{"line":1,"column":null}}]}},"s":{"0":1,"1":0,"2":0,"3":0,"4":0,"5":0,"6":0,"7":0,"8":3},"f":{"0":0,"1":0,"2":0},"b":{"0":[0,0]}}
,"/Users/benjaminlison/Documents/startup/getit/pages/profile/settings.vue": {"path":"/Users/benjaminlison/Documents/startup/getit/pages/profile/settings.vue","statementMap":{"0":{"start":{"line":72,"column":0},"end":{"line":72,"column":null}},"1":{"start":{"line":73,"column":0},"end":{"line":73,"column":null}},"2":{"start":{"line":74,"column":0},"end":{"line":74,"column":null}},"3":{"start":{"line":75,"column":0},"end":{"line":75,"column":null}},"4":{"start":{"line":76,"column":0},"end":{"line":76,"column":null}},"5":{"start":{"line":77,"column":0},"end":{"line":77,"column":null}},"6":{"start":{"line":88,"column":0},"end":{"line":88,"column":null}},"7":{"start":{"line":89,"column":0},"end":{"line":89,"column":null}},"8":{"start":{"line":91,"column":0},"end":{"line":91,"column":null}},"9":{"start":{"line":96,"column":0},"end":{"line":96,"column":null}},"10":{"start":{"line":97,"column":0},"end":{"line":97,"column":null}},"11":{"start":{"line":103,"column":0},"end":{"line":125,"column":null}},"12":{"start":{"line":105,"column":0},"end":{"line":105,"column":null}},"13":{"start":{"line":107,"column":0},"end":{"line":107,"column":null}},"14":{"start":{"line":112,"column":0},"end":{"line":112,"column":null}},"15":{"start":{"line":115,"column":0},"end":{"line":115,"column":null}},"16":{"start":{"line":118,"column":0},"end":{"line":118,"column":null}},"17":{"start":{"line":121,"column":0},"end":{"line":121,"column":null}},"18":{"start":{"line":124,"column":0},"end":{"line":124,"column":null}},"19":{"start":{"line":128,"column":0},"end":{"line":128,"column":null}},"20":{"start":{"line":131,"column":0},"end":{"line":131,"column":null}},"21":{"start":{"line":132,"column":0},"end":{"line":132,"column":null}},"22":{"start":{"line":1,"column":0},"end":{"line":1,"column":null}}},"fnMap":{"0":{"name":"(anonymous_1)","decl":{"start":{"line":87,"column":0},"end":{"line":87,"column":null}},"loc":{"start":{"line":87,"column":0},"end":{"line":90,"column":null}}},"1":{"name":"(anonymous_2)","decl":{"start":{"line":91,"column":0},"end":{"line":91,"column":null}},"loc":{"start":{"line":91,"column":0},"end":{"line":91,"column":null}}},"2":{"name":"(anonymous_3)","decl":{"start":{"line":95,"column":0},"end":{"line":95,"column":null}},"loc":{"start":{"line":95,"column":0},"end":{"line":98,"column":null}}},"3":{"name":"(anonymous_4)","decl":{"start":{"line":102,"column":0},"end":{"line":102,"column":null}},"loc":{"start":{"line":102,"column":0},"end":{"line":126,"column":null}}},"4":{"name":"(anonymous_5)","decl":{"start":{"line":127,"column":0},"end":{"line":127,"column":null}},"loc":{"start":{"line":127,"column":0},"end":{"line":129,"column":null}}},"5":{"name":"(anonymous_6)","decl":{"start":{"line":130,"column":0},"end":{"line":130,"column":null}},"loc":{"start":{"line":130,"column":0},"end":{"line":133,"column":null}}},"6":{"name":"(anonymous_7)","decl":{"start":{"line":1,"column":0},"end":{"line":1,"column":null}},"loc":{"start":{"line":1,"column":0},"end":{"line":1,"column":null}}}},"branchMap":{"0":{"loc":{"start":{"line":96,"column":0},"end":{"line":96,"column":null}},"type":"if","locations":[{"start":{"line":96,"column":0},"end":{"line":96,"column":null}},{"start":{"line":96,"column":0},"end":{"line":96,"column":null}}]},"1":{"loc":{"start":{"line":97,"column":0},"end":{"line":97,"column":null}},"type":"cond-expr","locations":[{"start":{"line":97,"column":0},"end":{"line":97,"column":null}},{"start":{"line":97,"column":0},"end":{"line":97,"column":null}}]},"2":{"loc":{"start":{"line":131,"column":0},"end":{"line":131,"column":null}},"type":"if","locations":[{"start":{"line":131,"column":0},"end":{"line":131,"column":null}},{"start":{"line":131,"column":0},"end":{"line":131,"column":null}}]},"3":{"loc":{"start":{"line":1,"column":0},"end":{"line":1,"column":null}},"type":"if","locations":[{"start":{"line":1,"column":0},"end":{"line":1,"column":null}},{"start":{"line":1,"column":0},"end":{"line":1,"column":null}}]}},"s":{"0":0,"1":0,"2":0,"3":0,"4":0,"5":0,"6":0,"7":0,"8":0,"9":0,"10":0,"11":0,"12":0,"13":0,"14":0,"15":0,"16":0,"17":0,"18":0,"19":0,"20":0,"21":0,"22":0},"f":{"0":0,"1":0,"2":0,"3":0,"4":0,"5":0,"6":0},"b":{"0":[0,0],"1":[0,0],"2":[0,0],"3":[0,0]}}
,"/Users/benjaminlison/Documents/startup/getit/pages/shop/create.vue": {"path":"/Users/benjaminlison/Documents/startup/getit/pages/shop/create.vue","statementMap":{"0":{"start":{"line":477,"column":0},"end":{"line":477,"column":null}},"1":{"start":{"line":478,"column":0},"end":{"line":478,"column":null}},"2":{"start":{"line":479,"column":0},"end":{"line":479,"column":null}},"3":{"start":{"line":480,"column":0},"end":{"line":480,"column":null}},"4":{"start":{"line":481,"column":0},"end":{"line":481,"column":null}},"5":{"start":{"line":492,"column":0},"end":{"line":492,"column":null}},"6":{"start":{"line":536,"column":0},"end":{"line":536,"column":null}},"7":{"start":{"line":542,"column":0},"end":{"line":544,"column":null}},"8":{"start":{"line":543,"column":0},"end":{"line":543,"column":null}},"9":{"start":{"line":546,"column":0},"end":{"line":549,"column":null}},"10":{"start":{"line":547,"column":0},"end":{"line":547,"column":null}},"11":{"start":{"line":548,"column":0},"end":{"line":548,"column":null}},"12":{"start":{"line":551,"column":0},"end":{"line":551,"column":null}},"13":{"start":{"line":554,"column":0},"end":{"line":554,"column":null}},"14":{"start":{"line":557,"column":0},"end":{"line":557,"column":null}},"15":{"start":{"line":560,"column":0},"end":{"line":560,"column":null}},"16":{"start":{"line":563,"column":0},"end":{"line":563,"column":null}},"17":{"start":{"line":571,"column":0},"end":{"line":571,"column":null}},"18":{"start":{"line":574,"column":0},"end":{"line":581,"column":null}},"19":{"start":{"line":575,"column":0},"end":{"line":575,"column":null}},"20":{"start":{"line":578,"column":0},"end":{"line":578,"column":null}},"21":{"start":{"line":580,"column":0},"end":{"line":580,"column":null}},"22":{"start":{"line":584,"column":0},"end":{"line":612,"column":null}},"23":{"start":{"line":586,"column":0},"end":{"line":595,"column":null}},"24":{"start":{"line":588,"column":0},"end":{"line":588,"column":null}},"25":{"start":{"line":590,"column":0},"end":{"line":590,"column":null}},"26":{"start":{"line":591,"column":0},"end":{"line":591,"column":null}},"27":{"start":{"line":592,"column":0},"end":{"line":594,"column":null}},"28":{"start":{"line":593,"column":0},"end":{"line":593,"column":null}},"29":{"start":{"line":597,"column":0},"end":{"line":605,"column":null}},"30":{"start":{"line":598,"column":0},"end":{"line":598,"column":null}},"31":{"start":{"line":599,"column":0},"end":{"line":599,"column":null}},"32":{"start":{"line":601,"column":0},"end":{"line":601,"column":null}},"33":{"start":{"line":603,"column":0},"end":{"line":603,"column":null}},"34":{"start":{"line":604,"column":0},"end":{"line":604,"column":null}},"35":{"start":{"line":607,"column":0},"end":{"line":607,"column":null}},"36":{"start":{"line":609,"column":0},"end":{"line":609,"column":null}},"37":{"start":{"line":610,"column":0},"end":{"line":610,"column":null}},"38":{"start":{"line":611,"column":0},"end":{"line":611,"column":null}},"39":{"start":{"line":1,"column":0},"end":{"line":1,"column":null}}},"fnMap":{"0":{"name":"(anonymous_1)","decl":{"start":{"line":492,"column":0},"end":{"line":492,"column":null}},"loc":{"start":{"line":492,"column":0},"end":{"line":492,"column":null}}},"1":{"name":"(anonymous_2)","decl":{"start":{"line":534,"column":0},"end":{"line":534,"column":null}},"loc":{"start":{"line":534,"column":0},"end":{"line":537,"column":null}}},"2":{"name":"(anonymous_3)","decl":{"start":{"line":541,"column":0},"end":{"line":541,"column":null}},"loc":{"start":{"line":541,"column":0},"end":{"line":552,"column":null}}},"3":{"name":"(anonymous_4)","decl":{"start":{"line":553,"column":0},"end":{"line":553,"column":null}},"loc":{"start":{"line":553,"column":0},"end":{"line":555,"column":null}}},"4":{"name":"(anonymous_5)","decl":{"start":{"line":556,"column":0},"end":{"line":556,"column":null}},"loc":{"start":{"line":556,"column":0},"end":{"line":558,"column":null}}},"5":{"name":"(anonymous_6)","decl":{"start":{"line":559,"column":0},"end":{"line":559,"column":null}},"loc":{"start":{"line":559,"column":0},"end":{"line":561,"column":null}}},"6":{"name":"(anonymous_7)","decl":{"start":{"line":562,"column":0},"end":{"line":562,"column":null}},"loc":{"start":{"line":562,"column":0},"end":{"line":569,"column":null}}},"7":{"name":"(anonymous_8)","decl":{"start":{"line":570,"column":0},"end":{"line":570,"column":null}},"loc":{"start":{"line":570,"column":0},"end":{"line":572,"column":null}}},"8":{"name":"(anonymous_9)","decl":{"start":{"line":573,"column":0},"end":{"line":573,"column":null}},"loc":{"start":{"line":573,"column":0},"end":{"line":582,"column":null}}},"9":{"name":"(anonymous_10)","decl":{"start":{"line":583,"column":0},"end":{"line":583,"column":null}},"loc":{"start":{"line":583,"column":0},"end":{"line":613,"column":null}}},"10":{"name":"(anonymous_11)","decl":{"start":{"line":592,"column":0},"end":{"line":592,"column":null}},"loc":{"start":{"line":592,"column":0},"end":{"line":594,"column":null}}},"11":{"name":"(anonymous_12)","decl":{"start":{"line":1,"column":0},"end":{"line":1,"column":null}},"loc":{"start":{"line":1,"column":0},"end":{"line":1,"column":null}}}},"branchMap":{"0":{"loc":{"start":{"line":536,"column":0},"end":{"line":536,"column":null}},"type":"cond-expr","locations":[{"start":{"line":536,"column":0},"end":{"line":536,"column":null}},{"start":{"line":536,"column":0},"end":{"line":536,"column":null}}]},"1":{"loc":{"start":{"line":542,"column":0},"end":{"line":544,"column":null}},"type":"if","locations":[{"start":{"line":542,"column":0},"end":{"line":544,"column":null}},{"start":{"line":542,"column":0},"end":{"line":544,"column":null}}]},"2":{"loc":{"start":{"line":546,"column":0},"end":{"line":549,"column":null}},"type":"if","locations":[{"start":{"line":546,"column":0},"end":{"line":549,"column":null}},{"start":{"line":546,"column":0},"end":{"line":549,"column":null}}]},"3":{"loc":{"start":{"line":586,"column":0},"end":{"line":595,"column":null}},"type":"if","locations":[{"start":{"line":586,"column":0},"end":{"line":595,"column":null}},{"start":{"line":586,"column":0},"end":{"line":595,"column":null}}]},"4":{"loc":{"start":{"line":591,"column":0},"end":{"line":591,"column":null}},"type":"if","locations":[{"start":{"line":591,"column":0},"end":{"line":591,"column":null}},{"start":{"line":591,"column":0},"end":{"line":591,"column":null}}]},"5":{"loc":{"start":{"line":597,"column":0},"end":{"line":605,"column":null}},"type":"if","locations":[{"start":{"line":597,"column":0},"end":{"line":605,"column":null}},{"start":{"line":597,"column":0},"end":{"line":605,"column":null}}]},"6":{"loc":{"start":{"line":1,"column":0},"end":{"line":1,"column":null}},"type":"cond-expr","locations":[{"start":{"line":1,"column":0},"end":{"line":1,"column":null}},{"start":{"line":1,"column":0},"end":{"line":1,"column":null}}]}},"s":{"0":0,"1":0,"2":0,"3":0,"4":0,"5":0,"6":0,"7":0,"8":0,"9":0,"10":0,"11":0,"12":0,"13":0,"14":0,"15":0,"16":0,"17":0,"18":0,"19":0,"20":0,"21":0,"22":0,"23":0,"24":0,"25":0,"26":0,"27":0,"28":0,"29":0,"30":0,"31":0,"32":0,"33":0,"34":0,"35":0,"36":0,"37":0,"38":0,"39":0},"f":{"0":0,"1":0,"2":0,"3":0,"4":0,"5":0,"6":0,"7":0,"8":0,"9":0,"10":0,"11":0},"b":{"0":[0,0],"1":[0,0],"2":[0,0],"3":[0,0],"4":[0,0],"5":[0,0],"6":[0,0]}}
,"/Users/benjaminlison/Documents/startup/getit/pages/shop/edit.vue": {"path":"/Users/benjaminlison/Documents/startup/getit/pages/shop/edit.vue","statementMap":{"0":{"start":{"line":424,"column":0},"end":{"line":424,"column":null}},"1":{"start":{"line":425,"column":0},"end":{"line":425,"column":null}},"2":{"start":{"line":426,"column":0},"end":{"line":426,"column":null}},"3":{"start":{"line":427,"column":0},"end":{"line":427,"column":null}},"4":{"start":{"line":428,"column":0},"end":{"line":428,"column":null}},"5":{"start":{"line":429,"column":0},"end":{"line":429,"column":null}},"6":{"start":{"line":430,"column":0},"end":{"line":430,"column":null}},"7":{"start":{"line":441,"column":0},"end":{"line":441,"column":null}},"8":{"start":{"line":442,"column":0},"end":{"line":442,"column":null}},"9":{"start":{"line":443,"column":0},"end":{"line":443,"column":null}},"10":{"start":{"line":445,"column":0},"end":{"line":445,"column":null}},"11":{"start":{"line":473,"column":0},"end":{"line":473,"column":null}},"12":{"start":{"line":480,"column":0},"end":{"line":480,"column":null}},"13":{"start":{"line":482,"column":0},"end":{"line":482,"column":null}},"14":{"start":{"line":483,"column":0},"end":{"line":483,"column":null}},"15":{"start":{"line":484,"column":0},"end":{"line":486,"column":null}},"16":{"start":{"line":485,"column":0},"end":{"line":485,"column":null}},"17":{"start":{"line":489,"column":0},"end":{"line":492,"column":null}},"18":{"start":{"line":490,"column":0},"end":{"line":490,"column":null}},"19":{"start":{"line":491,"column":0},"end":{"line":491,"column":null}},"20":{"start":{"line":495,"column":0},"end":{"line":511,"column":null}},"21":{"start":{"line":496,"column":0},"end":{"line":496,"column":null}},"22":{"start":{"line":497,"column":0},"end":{"line":497,"column":null}},"23":{"start":{"line":498,"column":0},"end":{"line":498,"column":null}},"24":{"start":{"line":503,"column":0},"end":{"line":503,"column":null}},"25":{"start":{"line":505,"column":0},"end":{"line":505,"column":null}},"26":{"start":{"line":506,"column":0},"end":{"line":506,"column":null}},"27":{"start":{"line":507,"column":0},"end":{"line":507,"column":null}},"28":{"start":{"line":509,"column":0},"end":{"line":509,"column":null}},"29":{"start":{"line":510,"column":0},"end":{"line":510,"column":null}},"30":{"start":{"line":514,"column":0},"end":{"line":521,"column":null}},"31":{"start":{"line":515,"column":0},"end":{"line":515,"column":null}},"32":{"start":{"line":518,"column":0},"end":{"line":518,"column":null}},"33":{"start":{"line":520,"column":0},"end":{"line":520,"column":null}},"34":{"start":{"line":524,"column":0},"end":{"line":524,"column":null}},"35":{"start":{"line":527,"column":0},"end":{"line":527,"column":null}},"36":{"start":{"line":530,"column":0},"end":{"line":530,"column":null}},"37":{"start":{"line":533,"column":0},"end":{"line":533,"column":null}},"38":{"start":{"line":537,"column":0},"end":{"line":537,"column":null}},"39":{"start":{"line":538,"column":0},"end":{"line":538,"column":null}},"40":{"start":{"line":545,"column":0},"end":{"line":545,"column":null}},"41":{"start":{"line":549,"column":0},"end":{"line":558,"column":null}},"42":{"start":{"line":550,"column":0},"end":{"line":550,"column":null}},"43":{"start":{"line":551,"column":0},"end":{"line":551,"column":null}},"44":{"start":{"line":557,"column":0},"end":{"line":557,"column":null}},"45":{"start":{"line":561,"column":0},"end":{"line":561,"column":null}},"46":{"start":{"line":1,"column":0},"end":{"line":1,"column":null}}},"fnMap":{"0":{"name":"(anonymous_1)","decl":{"start":{"line":440,"column":0},"end":{"line":440,"column":null}},"loc":{"start":{"line":440,"column":0},"end":{"line":444,"column":null}}},"1":{"name":"(anonymous_2)","decl":{"start":{"line":445,"column":0},"end":{"line":445,"column":null}},"loc":{"start":{"line":445,"column":0},"end":{"line":445,"column":null}}},"2":{"name":"(anonymous_3)","decl":{"start":{"line":471,"column":0},"end":{"line":471,"column":null}},"loc":{"start":{"line":471,"column":0},"end":{"line":474,"column":null}}},"3":{"name":"(anonymous_4)","decl":{"start":{"line":478,"column":0},"end":{"line":478,"column":null}},"loc":{"start":{"line":478,"column":0},"end":{"line":487,"column":null}}},"4":{"name":"(anonymous_5)","decl":{"start":{"line":484,"column":0},"end":{"line":484,"column":null}},"loc":{"start":{"line":484,"column":0},"end":{"line":486,"column":null}}},"5":{"name":"(anonymous_6)","decl":{"start":{"line":488,"column":0},"end":{"line":488,"column":null}},"loc":{"start":{"line":488,"column":0},"end":{"line":493,"column":null}}},"6":{"name":"(anonymous_7)","decl":{"start":{"line":494,"column":0},"end":{"line":494,"column":null}},"loc":{"start":{"line":494,"column":0},"end":{"line":512,"column":null}}},"7":{"name":"(anonymous_8)","decl":{"start":{"line":513,"column":0},"end":{"line":513,"column":null}},"loc":{"start":{"line":513,"column":0},"end":{"line":522,"column":null}}},"8":{"name":"(anonymous_9)","decl":{"start":{"line":523,"column":0},"end":{"line":523,"column":null}},"loc":{"start":{"line":523,"column":0},"end":{"line":525,"column":null}}},"9":{"name":"(anonymous_10)","decl":{"start":{"line":526,"column":0},"end":{"line":526,"column":null}},"loc":{"start":{"line":526,"column":0},"end":{"line":528,"column":null}}},"10":{"name":"(anonymous_11)","decl":{"start":{"line":529,"column":0},"end":{"line":529,"column":null}},"loc":{"start":{"line":529,"column":0},"end":{"line":531,"column":null}}},"11":{"name":"(anonymous_12)","decl":{"start":{"line":532,"column":0},"end":{"line":532,"column":null}},"loc":{"start":{"line":532,"column":0},"end":{"line":543,"column":null}}},"12":{"name":"(anonymous_13)","decl":{"start":{"line":533,"column":0},"end":{"line":533,"column":null}},"loc":{"start":{"line":533,"column":0},"end":{"line":533,"column":null}}},"13":{"name":"(anonymous_14)","decl":{"start":{"line":544,"column":0},"end":{"line":544,"column":null}},"loc":{"start":{"line":544,"column":0},"end":{"line":559,"column":null}}},"14":{"name":"(anonymous_15)","decl":{"start":{"line":545,"column":0},"end":{"line":545,"column":null}},"loc":{"start":{"line":545,"column":0},"end":{"line":545,"column":null}}},"15":{"name":"(anonymous_16)","decl":{"start":{"line":560,"column":0},"end":{"line":560,"column":null}},"loc":{"start":{"line":560,"column":0},"end":{"line":562,"column":null}}},"16":{"name":"(anonymous_17)","decl":{"start":{"line":1,"column":0},"end":{"line":1,"column":null}},"loc":{"start":{"line":1,"column":0},"end":{"line":1,"column":null}}}},"branchMap":{"0":{"loc":{"start":{"line":473,"column":0},"end":{"line":473,"column":null}},"type":"cond-expr","locations":[{"start":{"line":473,"column":0},"end":{"line":473,"column":null}},{"start":{"line":473,"column":0},"end":{"line":473,"column":null}}]},"1":{"loc":{"start":{"line":483,"column":0},"end":{"line":483,"column":null}},"type":"if","locations":[{"start":{"line":483,"column":0},"end":{"line":483,"column":null}},{"start":{"line":483,"column":0},"end":{"line":483,"column":null}}]},"2":{"loc":{"start":{"line":537,"column":0},"end":{"line":537,"column":null}},"type":"if","locations":[{"start":{"line":537,"column":0},"end":{"line":537,"column":null}},{"start":{"line":537,"column":0},"end":{"line":537,"column":null}}]},"3":{"loc":{"start":{"line":549,"column":0},"end":{"line":558,"column":null}},"type":"if","locations":[{"start":{"line":549,"column":0},"end":{"line":558,"column":null}},{"start":{"line":549,"column":0},"end":{"line":558,"column":null}}]},"4":{"loc":{"start":{"line":1,"column":0},"end":{"line":1,"column":null}},"type":"cond-expr","locations":[{"start":{"line":1,"column":0},"end":{"line":1,"column":null}},{"start":{"line":1,"column":0},"end":{"line":1,"column":null}}]}},"s":{"0":0,"1":0,"2":0,"3":0,"4":0,"5":0,"6":0,"7":0,"8":0,"9":0,"10":0,"11":0,"12":0,"13":0,"14":0,"15":0,"16":0,"17":0,"18":0,"19":0,"20":0,"21":0,"22":0,"23":0,"24":0,"25":0,"26":0,"27":0,"28":0,"29":0,"30":0,"31":0,"32":0,"33":0,"34":0,"35":0,"36":0,"37":0,"38":0,"39":0,"40":0,"41":0,"42":0,"43":0,"44":0,"45":0,"46":0},"f":{"0":0,"1":0,"2":0,"3":0,"4":0,"5":0,"6":0,"7":0,"8":0,"9":0,"10":0,"11":0,"12":0,"13":0,"14":0,"15":0,"16":0},"b":{"0":[0,0],"1":[0,0],"2":[0,0],"3":[0,0],"4":[0,0]}}
,"/Users/benjaminlison/Documents/startup/getit/pages/shop/index.vue": {"path":"/Users/benjaminlison/Documents/startup/getit/pages/shop/index.vue","statementMap":{"0":{"start":{"line":164,"column":0},"end":{"line":164,"column":null}},"1":{"start":{"line":165,"column":0},"end":{"line":165,"column":null}},"2":{"start":{"line":166,"column":0},"end":{"line":166,"column":null}},"3":{"start":{"line":173,"column":0},"end":{"line":173,"column":null}},"4":{"start":{"line":1,"column":0},"end":{"line":1,"column":null}}},"fnMap":{"0":{"name":"(anonymous_1)","decl":{"start":{"line":173,"column":0},"end":{"line":173,"column":null}},"loc":{"start":{"line":173,"column":0},"end":{"line":173,"column":null}}},"1":{"name":"(anonymous_2)","decl":{"start":{"line":1,"column":0},"end":{"line":1,"column":null}},"loc":{"start":{"line":1,"column":0},"end":{"line":1,"column":null}}}},"branchMap":{"0":{"loc":{"start":{"line":1,"column":0},"end":{"line":1,"column":null}},"type":"cond-expr","locations":[{"start":{"line":1,"column":0},"end":{"line":1,"column":null}},{"start":{"line":1,"column":0},"end":{"line":1,"column":null}}]}},"s":{"0":1,"1":1,"2":1,"3":0,"4":3},"f":{"0":0,"1":0},"b":{"0":[0,0]}}
}
