{"/Users/benjaminlison/Documents/startup/getit/components/elements/Autocomplete.vue": {"path":"/Users/benjaminlison/Documents/startup/getit/components/elements/Autocomplete.vue","statementMap":{"0":{"start":{"line":35,"column":0},"end":{"line":35,"column":null}},"1":{"start":{"line":36,"column":0},"end":{"line":36,"column":null}},"2":{"start":{"line":75,"column":0},"end":{"line":75,"column":null}},"3":{"start":{"line":78,"column":0},"end":{"line":78,"column":null}},"4":{"start":{"line":88,"column":0},"end":{"line":88,"column":null}},"5":{"start":{"line":92,"column":0},"end":{"line":92,"column":null}},"6":{"start":{"line":95,"column":0},"end":{"line":95,"column":null}},"7":{"start":{"line":96,"column":0},"end":{"line":96,"column":null}},"8":{"start":{"line":97,"column":0},"end":{"line":97,"column":null}},"9":{"start":{"line":103,"column":0},"end":{"line":103,"column":null}},"10":{"start":{"line":104,"column":0},"end":{"line":107,"column":null}},"11":{"start":{"line":110,"column":0},"end":{"line":110,"column":null}},"12":{"start":{"line":115,"column":0},"end":{"line":115,"column":null}},"13":{"start":{"line":116,"column":0},"end":{"line":116,"column":null}},"14":{"start":{"line":117,"column":0},"end":{"line":117,"column":null}},"15":{"start":{"line":118,"column":0},"end":{"line":118,"column":null}},"16":{"start":{"line":122,"column":0},"end":{"line":122,"column":null}},"17":{"start":{"line":123,"column":0},"end":{"line":123,"column":null}},"18":{"start":{"line":1,"column":0},"end":{"line":1,"column":null}}},"fnMap":{"0":{"name":"(anonymous_0)","decl":{"start":{"line":75,"column":0},"end":{"line":75,"column":null}},"loc":{"start":{"line":75,"column":0},"end":{"line":75,"column":null}}},"1":{"name":"(anonymous_1)","decl":{"start":{"line":78,"column":0},"end":{"line":78,"column":null}},"loc":{"start":{"line":78,"column":0},"end":{"line":78,"column":null}}},"2":{"name":"(anonymous_2)","decl":{"start":{"line":87,"column":0},"end":{"line":87,"column":null}},"loc":{"start":{"line":87,"column":0},"end":{"line":89,"column":null}}},"3":{"name":"(anonymous_3)","decl":{"start":{"line":91,"column":0},"end":{"line":91,"column":null}},"loc":{"start":{"line":91,"column":0},"end":{"line":93,"column":null}}},"4":{"name":"(anonymous_4)","decl":{"start":{"line":94,"column":0},"end":{"line":94,"column":null}},"loc":{"start":{"line":94,"column":0},"end":{"line":98,"column":null}}},"5":{"name":"(anonymous_5)","decl":{"start":{"line":102,"column":0},"end":{"line":102,"column":null}},"loc":{"start":{"line":102,"column":0},"end":{"line":111,"column":null}}},"6":{"name":"(anonymous_6)","decl":{"start":{"line":114,"column":0},"end":{"line":114,"column":null}},"loc":{"start":{"line":114,"column":0},"end":{"line":119,"column":null}}},"7":{"name":"(anonymous_7)","decl":{"start":{"line":121,"column":0},"end":{"line":121,"column":null}},"loc":{"start":{"line":121,"column":0},"end":{"line":124,"column":null}}},"8":{"name":"(anonymous_8)","decl":{"start":{"line":1,"column":0},"end":{"line":1,"column":null}},"loc":{"start":{"line":1,"column":0},"end":{"line":1,"column":null}}}},"branchMap":{"0":{"loc":{"start":{"line":95,"column":0},"end":{"line":95,"column":null}},"type":"if","locations":[{"start":{"line":95,"column":0},"end":{"line":95,"column":null}},{"start":{"line":95,"column":0},"end":{"line":95,"column":null}}]},"1":{"loc":{"start":{"line":103,"column":0},"end":{"line":103,"column":null}},"type":"if","locations":[{"start":{"line":103,"column":0},"end":{"line":103,"column":null}},{"start":{"line":103,"column":0},"end":{"line":103,"column":null}}]},"2":{"loc":{"start":{"line":104,"column":0},"end":{"line":107,"column":null}},"type":"cond-expr","locations":[{"start":{"line":104,"column":0},"end":{"line":107,"column":null}},{"start":{"line":107,"column":0},"end":{"line":107,"column":null}}]},"3":{"loc":{"start":{"line":115,"column":0},"end":{"line":115,"column":null}},"type":"if","locations":[{"start":{"line":115,"column":0},"end":{"line":115,"column":null}},{"start":{"line":115,"column":0},"end":{"line":115,"column":null}}]},"4":{"loc":{"start":{"line":123,"column":0},"end":{"line":123,"column":null}},"type":"if","locations":[{"start":{"line":123,"column":0},"end":{"line":123,"column":null}},{"start":{"line":123,"column":0},"end":{"line":123,"column":null}}]},"5":{"loc":{"start":{"line":1,"column":0},"end":{"line":1,"column":null}},"type":"if","locations":[{"start":{"line":1,"column":0},"end":{"line":1,"column":null}},{"start":{"line":1,"column":0},"end":{"line":1,"column":null}}]}},"s":{"0":1,"1":1,"2":3,"3":3,"4":0,"5":3,"6":6,"7":0,"8":0,"9":0,"10":0,"11":0,"12":0,"13":0,"14":0,"15":0,"16":0,"17":0,"18":12},"f":{"0":3,"1":3,"2":0,"3":3,"4":3,"5":0,"6":0,"7":0,"8":3},"b":{"0":[3,0],"1":[0,0],"2":[0,0],"3":[0,0],"4":[0,0],"5":[0,0]}}
,"/Users/benjaminlison/Documents/startup/getit/components/elements/EmptyContent.vue": {"path":"/Users/benjaminlison/Documents/startup/getit/components/elements/EmptyContent.vue","statementMap":{"0":{"start":{"line":26,"column":0},"end":{"line":26,"column":null}},"1":{"start":{"line":27,"column":0},"end":{"line":27,"column":null}},"2":{"start":{"line":1,"column":0},"end":{"line":1,"column":null}}},"fnMap":{"0":{"name":"(anonymous_0)","decl":{"start":{"line":25,"column":0},"end":{"line":25,"column":null}},"loc":{"start":{"line":25,"column":0},"end":{"line":28,"column":null}}},"1":{"name":"(anonymous_1)","decl":{"start":{"line":1,"column":0},"end":{"line":1,"column":null}},"loc":{"start":{"line":1,"column":0},"end":{"line":1,"column":null}}}},"branchMap":{"0":{"loc":{"start":{"line":26,"column":0},"end":{"line":26,"column":null}},"type":"if","locations":[{"start":{"line":26,"column":0},"end":{"line":26,"column":null}},{"start":{"line":26,"column":0},"end":{"line":26,"column":null}}]}},"s":{"0":2,"1":0,"2":15},"f":{"0":1,"1":3},"b":{"0":[1,0]}}
,"/Users/benjaminlison/Documents/startup/getit/components/elements/EmptyState.vue": {"path":"/Users/benjaminlison/Documents/startup/getit/components/elements/EmptyState.vue","statementMap":{"0":{"start":{"line":24,"column":0},"end":{"line":24,"column":null}},"1":{"start":{"line":1,"column":0},"end":{"line":1,"column":null}}},"fnMap":{"0":{"name":"(anonymous_0)","decl":{"start":{"line":24,"column":0},"end":{"line":24,"column":null}},"loc":{"start":{"line":24,"column":0},"end":{"line":24,"column":null}}},"1":{"name":"(anonymous_1)","decl":{"start":{"line":1,"column":0},"end":{"line":1,"column":null}},"loc":{"start":{"line":1,"column":0},"end":{"line":1,"column":null}}}},"branchMap":{},"s":{"0":2,"1":9},"f":{"0":2,"1":2},"b":{}}
,"/Users/benjaminlison/Documents/startup/getit/components/elements/Map.vue": {"path":"/Users/benjaminlison/Documents/startup/getit/components/elements/Map.vue","statementMap":{"0":{"start":{"line":13,"column":0},"end":{"line":13,"column":null}},"1":{"start":{"line":21,"column":0},"end":{"line":21,"column":null}},"2":{"start":{"line":24,"column":0},"end":{"line":24,"column":null}},"3":{"start":{"line":29,"column":0},"end":{"line":32,"column":null}},"4":{"start":{"line":30,"column":0},"end":{"line":30,"column":null}},"5":{"start":{"line":31,"column":0},"end":{"line":31,"column":null}},"6":{"start":{"line":33,"column":0},"end":{"line":33,"column":null}},"7":{"start":{"line":38,"column":0},"end":{"line":46,"column":null}},"8":{"start":{"line":1,"column":0},"end":{"line":1,"column":null}}},"fnMap":{"0":{"name":"(anonymous_0)","decl":{"start":{"line":13,"column":0},"end":{"line":13,"column":null}},"loc":{"start":{"line":13,"column":0},"end":{"line":13,"column":null}}},"1":{"name":"(anonymous_1)","decl":{"start":{"line":21,"column":0},"end":{"line":21,"column":null}},"loc":{"start":{"line":21,"column":0},"end":{"line":21,"column":null}}},"2":{"name":"(anonymous_2)","decl":{"start":{"line":24,"column":0},"end":{"line":24,"column":null}},"loc":{"start":{"line":24,"column":0},"end":{"line":24,"column":null}}},"3":{"name":"(anonymous_3)","decl":{"start":{"line":28,"column":0},"end":{"line":28,"column":null}},"loc":{"start":{"line":28,"column":0},"end":{"line":34,"column":null}}},"4":{"name":"(anonymous_4)","decl":{"start":{"line":36,"column":0},"end":{"line":36,"column":null}},"loc":{"start":{"line":36,"column":0},"end":{"line":51,"column":null}}},"5":{"name":"(anonymous_5)","decl":{"start":{"line":1,"column":0},"end":{"line":1,"column":null}},"loc":{"start":{"line":1,"column":0},"end":{"line":1,"column":null}}}},"branchMap":{"0":{"loc":{"start":{"line":29,"column":0},"end":{"line":32,"column":null}},"type":"if","locations":[{"start":{"line":29,"column":0},"end":{"line":32,"column":null}},{"start":{"line":29,"column":0},"end":{"line":32,"column":null}}]}},"s":{"0":0,"1":0,"2":0,"3":0,"4":0,"5":0,"6":0,"7":0,"8":3},"f":{"0":0,"1":0,"2":0,"3":0,"4":0,"5":0},"b":{"0":[0,0]}}
,"/Users/benjaminlison/Documents/startup/getit/components/elements/Modal.vue": {"path":"/Users/benjaminlison/Documents/startup/getit/components/elements/Modal.vue","statementMap":{"0":{"start":{"line":71,"column":0},"end":{"line":71,"column":null}},"1":{"start":{"line":72,"column":0},"end":{"line":72,"column":null}},"2":{"start":{"line":77,"column":0},"end":{"line":77,"column":null}},"3":{"start":{"line":78,"column":0},"end":{"line":78,"column":null}},"4":{"start":{"line":1,"column":0},"end":{"line":1,"column":null}}},"fnMap":{"0":{"name":"(anonymous_0)","decl":{"start":{"line":70,"column":0},"end":{"line":70,"column":null}},"loc":{"start":{"line":70,"column":0},"end":{"line":74,"column":null}}},"1":{"name":"(anonymous_1)","decl":{"start":{"line":76,"column":0},"end":{"line":76,"column":null}},"loc":{"start":{"line":76,"column":0},"end":{"line":79,"column":null}}},"2":{"name":"(anonymous_2)","decl":{"start":{"line":1,"column":0},"end":{"line":1,"column":null}},"loc":{"start":{"line":1,"column":0},"end":{"line":1,"column":null}}}},"branchMap":{"0":{"loc":{"start":{"line":72,"column":0},"end":{"line":72,"column":null}},"type":"if","locations":[{"start":{"line":72,"column":0},"end":{"line":72,"column":null}},{"start":{"line":72,"column":0},"end":{"line":72,"column":null}}]},"1":{"loc":{"start":{"line":1,"column":0},"end":{"line":1,"column":null}},"type":"if","locations":[{"start":{"line":1,"column":0},"end":{"line":1,"column":null}},{"start":{"line":1,"column":0},"end":{"line":1,"column":null}}]}},"s":{"0":1,"1":2,"2":0,"3":0,"4":25},"f":{"0":1,"1":0,"2":8},"b":{"0":[1,0],"1":[14,0]}}
,"/Users/benjaminlison/Documents/startup/getit/components/elements/Notification.vue": {"path":"/Users/benjaminlison/Documents/startup/getit/components/elements/Notification.vue","statementMap":{"0":{"start":{"line":18,"column":0},"end":{"line":18,"column":null}},"1":{"start":{"line":32,"column":0},"end":{"line":32,"column":null}},"2":{"start":{"line":1,"column":0},"end":{"line":1,"column":null}}},"fnMap":{"0":{"name":"(anonymous_1)","decl":{"start":{"line":32,"column":0},"end":{"line":32,"column":null}},"loc":{"start":{"line":32,"column":0},"end":{"line":32,"column":null}}},"1":{"name":"(anonymous_2)","decl":{"start":{"line":1,"column":0},"end":{"line":1,"column":null}},"loc":{"start":{"line":1,"column":0},"end":{"line":1,"column":null}}}},"branchMap":{"0":{"loc":{"start":{"line":1,"column":0},"end":{"line":1,"column":null}},"type":"cond-expr","locations":[{"start":{"line":1,"column":0},"end":{"line":1,"column":null}},{"start":{"line":1,"column":0},"end":{"line":1,"column":null}}]}},"s":{"0":1,"1":2,"2":9},"f":{"0":2,"1":2},"b":{"0":[0,2]}}
,"/Users/benjaminlison/Documents/startup/getit/components/elements/Toggle.vue": {"path":"/Users/benjaminlison/Documents/startup/getit/components/elements/Toggle.vue","statementMap":{"0":{"start":{"line":46,"column":0},"end":{"line":46,"column":null}},"1":{"start":{"line":59,"column":0},"end":{"line":59,"column":null}},"2":{"start":{"line":63,"column":0},"end":{"line":63,"column":null}},"3":{"start":{"line":64,"column":0},"end":{"line":64,"column":null}},"4":{"start":{"line":1,"column":0},"end":{"line":1,"column":null}}},"fnMap":{"0":{"name":"(anonymous_1)","decl":{"start":{"line":58,"column":0},"end":{"line":58,"column":null}},"loc":{"start":{"line":58,"column":0},"end":{"line":60,"column":null}}},"1":{"name":"(anonymous_2)","decl":{"start":{"line":62,"column":0},"end":{"line":62,"column":null}},"loc":{"start":{"line":62,"column":0},"end":{"line":65,"column":null}}},"2":{"name":"(anonymous_3)","decl":{"start":{"line":1,"column":0},"end":{"line":1,"column":null}},"loc":{"start":{"line":1,"column":0},"end":{"line":1,"column":null}}}},"branchMap":{},"s":{"0":1,"1":2,"2":1,"3":1,"4":12},"f":{"0":2,"1":1,"2":3},"b":{}}
,"/Users/benjaminlison/Documents/startup/getit/components/layout/Navbar.vue": {"path":"/Users/benjaminlison/Documents/startup/getit/components/layout/Navbar.vue","statementMap":{"0":{"start":{"line":39,"column":0},"end":{"line":39,"column":null}},"1":{"start":{"line":44,"column":0},"end":{"line":44,"column":null}},"2":{"start":{"line":53,"column":0},"end":{"line":53,"column":null}},"3":{"start":{"line":1,"column":0},"end":{"line":1,"column":null}}},"fnMap":{"0":{"name":"(anonymous_0)","decl":{"start":{"line":43,"column":0},"end":{"line":43,"column":null}},"loc":{"start":{"line":43,"column":0},"end":{"line":47,"column":null}}},"1":{"name":"(anonymous_1)","decl":{"start":{"line":52,"column":0},"end":{"line":52,"column":null}},"loc":{"start":{"line":52,"column":0},"end":{"line":54,"column":null}}},"2":{"name":"(anonymous_2)","decl":{"start":{"line":1,"column":0},"end":{"line":1,"column":null}},"loc":{"start":{"line":1,"column":0},"end":{"line":1,"column":null}}}},"branchMap":{"0":{"loc":{"start":{"line":1,"column":0},"end":{"line":1,"column":null}},"type":"cond-expr","locations":[{"start":{"line":1,"column":0},"end":{"line":1,"column":null}},{"start":{"line":1,"column":0},"end":{"line":1,"column":null}}]}},"s":{"0":1,"1":0,"2":0,"3":3},"f":{"0":0,"1":0,"2":0},"b":{"0":[0,0]}}
,"/Users/benjaminlison/Documents/startup/getit/components/layout/Navigation.vue": {"path":"/Users/benjaminlison/Documents/startup/getit/components/layout/Navigation.vue","statementMap":{"0":{"start":{"line":42,"column":0},"end":{"line":42,"column":null}},"1":{"start":{"line":47,"column":0},"end":{"line":47,"column":null}},"2":{"start":{"line":56,"column":0},"end":{"line":56,"column":null}},"3":{"start":{"line":1,"column":0},"end":{"line":1,"column":null}}},"fnMap":{"0":{"name":"(anonymous_0)","decl":{"start":{"line":46,"column":0},"end":{"line":46,"column":null}},"loc":{"start":{"line":46,"column":0},"end":{"line":50,"column":null}}},"1":{"name":"(anonymous_1)","decl":{"start":{"line":55,"column":0},"end":{"line":55,"column":null}},"loc":{"start":{"line":55,"column":0},"end":{"line":57,"column":null}}},"2":{"name":"(anonymous_2)","decl":{"start":{"line":1,"column":0},"end":{"line":1,"column":null}},"loc":{"start":{"line":1,"column":0},"end":{"line":1,"column":null}}}},"branchMap":{"0":{"loc":{"start":{"line":1,"column":0},"end":{"line":1,"column":null}},"type":"cond-expr","locations":[{"start":{"line":1,"column":0},"end":{"line":1,"column":null}},{"start":{"line":1,"column":0},"end":{"line":1,"column":null}}]}},"s":{"0":1,"1":0,"2":0,"3":3},"f":{"0":0,"1":0,"2":0},"b":{"0":[0,0]}}
,"/Users/benjaminlison/Documents/startup/getit/components/utils/Icon.vue": {"path":"/Users/benjaminlison/Documents/startup/getit/components/utils/Icon.vue","statementMap":{"0":{"start":{"line":18,"column":0},"end":{"line":18,"column":null}},"1":{"start":{"line":50,"column":0},"end":{"line":50,"column":null}},"2":{"start":{"line":57,"column":0},"end":{"line":63,"column":null}},"3":{"start":{"line":58,"column":0},"end":{"line":62,"column":null}},"4":{"start":{"line":59,"column":0},"end":{"line":59,"column":null}},"5":{"start":{"line":1,"column":0},"end":{"line":1,"column":null}}},"fnMap":{"0":{"name":"(anonymous_1)","decl":{"start":{"line":47,"column":0},"end":{"line":47,"column":null}},"loc":{"start":{"line":47,"column":0},"end":{"line":51,"column":null}}},"1":{"name":"(anonymous_2)","decl":{"start":{"line":56,"column":0},"end":{"line":56,"column":null}},"loc":{"start":{"line":56,"column":0},"end":{"line":64,"column":null}}},"2":{"name":"(anonymous_3)","decl":{"start":{"line":1,"column":0},"end":{"line":1,"column":null}},"loc":{"start":{"line":1,"column":0},"end":{"line":1,"column":null}}}},"branchMap":{"0":{"loc":{"start":{"line":57,"column":0},"end":{"line":63,"column":null}},"type":"if","locations":[{"start":{"line":57,"column":0},"end":{"line":63,"column":null}},{"start":{"line":57,"column":0},"end":{"line":63,"column":null}}]},"1":{"loc":{"start":{"line":57,"column":0},"end":{"line":57,"column":null}},"type":"binary-expr","locations":[{"start":{"line":57,"column":0},"end":{"line":57,"column":null}},{"start":{"line":57,"column":0},"end":{"line":57,"column":null}}]}},"s":{"0":3,"1":10,"2":10,"3":0,"4":0,"5":57},"f":{"0":10,"1":10,"2":16},"b":{"0":[0,10],"1":[10,8]}}
,"/Users/benjaminlison/Documents/startup/getit/components/utils/ImageUpload.vue": {"path":"/Users/benjaminlison/Documents/startup/getit/components/utils/ImageUpload.vue","statementMap":{"0":{"start":{"line":38,"column":0},"end":{"line":38,"column":null}},"1":{"start":{"line":60,"column":0},"end":{"line":60,"column":null}},"2":{"start":{"line":66,"column":0},"end":{"line":66,"column":null}},"3":{"start":{"line":69,"column":0},"end":{"line":69,"column":null}},"4":{"start":{"line":70,"column":0},"end":{"line":70,"column":null}},"5":{"start":{"line":76,"column":0},"end":{"line":76,"column":null}},"6":{"start":{"line":77,"column":0},"end":{"line":77,"column":null}},"7":{"start":{"line":78,"column":0},"end":{"line":78,"column":null}},"8":{"start":{"line":79,"column":0},"end":{"line":91,"column":null}},"9":{"start":{"line":80,"column":0},"end":{"line":80,"column":null}},"10":{"start":{"line":81,"column":0},"end":{"line":81,"column":null}},"11":{"start":{"line":82,"column":0},"end":{"line":82,"column":null}},"12":{"start":{"line":87,"column":0},"end":{"line":87,"column":null}},"13":{"start":{"line":89,"column":0},"end":{"line":89,"column":null}},"14":{"start":{"line":90,"column":0},"end":{"line":90,"column":null}},"15":{"start":{"line":94,"column":0},"end":{"line":95,"column":null}},"16":{"start":{"line":98,"column":0},"end":{"line":98,"column":null}},"17":{"start":{"line":1,"column":0},"end":{"line":1,"column":null}}},"fnMap":{"0":{"name":"(anonymous_0)","decl":{"start":{"line":60,"column":0},"end":{"line":60,"column":null}},"loc":{"start":{"line":60,"column":0},"end":{"line":60,"column":null}}},"1":{"name":"(anonymous_1)","decl":{"start":{"line":65,"column":0},"end":{"line":65,"column":null}},"loc":{"start":{"line":65,"column":0},"end":{"line":67,"column":null}}},"2":{"name":"(anonymous_2)","decl":{"start":{"line":68,"column":0},"end":{"line":68,"column":null}},"loc":{"start":{"line":68,"column":0},"end":{"line":71,"column":null}}},"3":{"name":"(anonymous_3)","decl":{"start":{"line":75,"column":0},"end":{"line":75,"column":null}},"loc":{"start":{"line":75,"column":0},"end":{"line":92,"column":null}}},"4":{"name":"(anonymous_4)","decl":{"start":{"line":93,"column":0},"end":{"line":93,"column":null}},"loc":{"start":{"line":93,"column":0},"end":{"line":99,"column":null}}},"5":{"name":"(anonymous_5)","decl":{"start":{"line":1,"column":0},"end":{"line":1,"column":null}},"loc":{"start":{"line":1,"column":0},"end":{"line":1,"column":null}}}},"branchMap":{"0":{"loc":{"start":{"line":94,"column":0},"end":{"line":95,"column":null}},"type":"if","locations":[{"start":{"line":94,"column":0},"end":{"line":95,"column":null}},{"start":{"line":94,"column":0},"end":{"line":95,"column":null}}]},"1":{"loc":{"start":{"line":1,"column":0},"end":{"line":1,"column":null}},"type":"cond-expr","locations":[{"start":{"line":1,"column":0},"end":{"line":1,"column":null}},{"start":{"line":1,"column":0},"end":{"line":1,"column":null}}]}},"s":{"0":0,"1":0,"2":0,"3":0,"4":0,"5":0,"6":0,"7":0,"8":0,"9":0,"10":0,"11":0,"12":0,"13":0,"14":0,"15":0,"16":0,"17":0},"f":{"0":0,"1":0,"2":0,"3":0,"4":0,"5":0},"b":{"0":[0,0],"1":[0,0]}}
,"/Users/benjaminlison/Documents/startup/getit/components/utils/Wysiwyg.vue": {"path":"/Users/benjaminlison/Documents/startup/getit/components/utils/Wysiwyg.vue","statementMap":{"0":{"start":{"line":55,"column":0},"end":{"line":55,"column":null}},"1":{"start":{"line":56,"column":0},"end":{"line":56,"column":null}},"2":{"start":{"line":57,"column":0},"end":{"line":57,"column":null}},"3":{"start":{"line":70,"column":0},"end":{"line":70,"column":null}},"4":{"start":{"line":74,"column":0},"end":{"line":74,"column":null}},"5":{"start":{"line":84,"column":0},"end":{"line":84,"column":null}},"6":{"start":{"line":89,"column":0},"end":{"line":89,"column":null}},"7":{"start":{"line":90,"column":0},"end":{"line":90,"column":null}},"8":{"start":{"line":1,"column":0},"end":{"line":1,"column":null}}},"fnMap":{"0":{"name":"(anonymous_1)","decl":{"start":{"line":70,"column":0},"end":{"line":70,"column":null}},"loc":{"start":{"line":70,"column":0},"end":{"line":70,"column":null}}},"1":{"name":"(anonymous_2)","decl":{"start":{"line":73,"column":0},"end":{"line":73,"column":null}},"loc":{"start":{"line":73,"column":0},"end":{"line":87,"column":null}}},"2":{"name":"(anonymous_3)","decl":{"start":{"line":83,"column":0},"end":{"line":83,"column":null}},"loc":{"start":{"line":83,"column":0},"end":{"line":85,"column":null}}},"3":{"name":"(anonymous_4)","decl":{"start":{"line":88,"column":0},"end":{"line":88,"column":null}},"loc":{"start":{"line":88,"column":0},"end":{"line":91,"column":null}}},"4":{"name":"(anonymous_5)","decl":{"start":{"line":1,"column":0},"end":{"line":1,"column":null}},"loc":{"start":{"line":1,"column":0},"end":{"line":1,"column":null}}}},"branchMap":{"0":{"loc":{"start":{"line":89,"column":0},"end":{"line":89,"column":null}},"type":"if","locations":[{"start":{"line":89,"column":0},"end":{"line":89,"column":null}},{"start":{"line":89,"column":0},"end":{"line":89,"column":null}}]}},"s":{"0":1,"1":1,"2":1,"3":4,"4":4,"5":0,"6":0,"7":0,"8":45},"f":{"0":4,"1":4,"2":0,"3":0,"4":14},"b":{"0":[0,0]}}
,"/Users/benjaminlison/Documents/startup/getit/pages/callback.vue": {"path":"/Users/benjaminlison/Documents/startup/getit/pages/callback.vue","statementMap":{"0":{"start":{"line":1,"column":0},"end":{"line":1,"column":null}}},"fnMap":{"0":{"name":"(anonymous_0)","decl":{"start":{"line":1,"column":0},"end":{"line":1,"column":null}},"loc":{"start":{"line":1,"column":0},"end":{"line":1,"column":null}}}},"branchMap":{},"s":{"0":0},"f":{"0":0},"b":{}}
,"/Users/benjaminlison/Documents/startup/getit/pages/components.vue": {"path":"/Users/benjaminlison/Documents/startup/getit/pages/components.vue","statementMap":{"0":{"start":{"line":158,"column":0},"end":{"line":158,"column":null}},"1":{"start":{"line":159,"column":0},"end":{"line":159,"column":null}},"2":{"start":{"line":161,"column":0},"end":{"line":161,"column":null}},"3":{"start":{"line":171,"column":0},"end":{"line":171,"column":null}},"4":{"start":{"line":1,"column":0},"end":{"line":1,"column":null}}},"fnMap":{"0":{"name":"(anonymous_1)","decl":{"start":{"line":171,"column":0},"end":{"line":171,"column":null}},"loc":{"start":{"line":171,"column":0},"end":{"line":171,"column":null}}},"1":{"name":"(anonymous_2)","decl":{"start":{"line":1,"column":0},"end":{"line":1,"column":null}},"loc":{"start":{"line":1,"column":0},"end":{"line":1,"column":null}}}},"branchMap":{},"s":{"0":0,"1":0,"2":0,"3":0,"4":0},"f":{"0":0,"1":0},"b":{}}
,"/Users/benjaminlison/Documents/startup/getit/pages/index.vue": {"path":"/Users/benjaminlison/Documents/startup/getit/pages/index.vue","statementMap":{"0":{"start":{"line":24,"column":0},"end":{"line":24,"column":null}},"1":{"start":{"line":1,"column":0},"end":{"line":1,"column":null}}},"fnMap":{"0":{"name":"(anonymous_0)","decl":{"start":{"line":1,"column":0},"end":{"line":1,"column":null}},"loc":{"start":{"line":1,"column":0},"end":{"line":1,"column":null}}}},"branchMap":{},"s":{"0":0,"1":0},"f":{"0":0},"b":{}}
,"/Users/benjaminlison/Documents/startup/getit/pages/login.vue": {"path":"/Users/benjaminlison/Documents/startup/getit/pages/login.vue","statementMap":{"0":{"start":{"line":126,"column":0},"end":{"line":126,"column":null}},"1":{"start":{"line":133,"column":0},"end":{"line":133,"column":null}},"2":{"start":{"line":144,"column":0},"end":{"line":169,"column":null}},"3":{"start":{"line":146,"column":0},"end":{"line":146,"column":null}},"4":{"start":{"line":148,"column":0},"end":{"line":148,"column":null}},"5":{"start":{"line":153,"column":0},"end":{"line":153,"column":null}},"6":{"start":{"line":156,"column":0},"end":{"line":156,"column":null}},"7":{"start":{"line":159,"column":0},"end":{"line":159,"column":null}},"8":{"start":{"line":162,"column":0},"end":{"line":162,"column":null}},"9":{"start":{"line":165,"column":0},"end":{"line":165,"column":null}},"10":{"start":{"line":166,"column":0},"end":{"line":166,"column":null}},"11":{"start":{"line":172,"column":0},"end":{"line":204,"column":null}},"12":{"start":{"line":174,"column":0},"end":{"line":174,"column":null}},"13":{"start":{"line":177,"column":0},"end":{"line":177,"column":null}},"14":{"start":{"line":182,"column":0},"end":{"line":184,"column":null}},"15":{"start":{"line":189,"column":0},"end":{"line":189,"column":null}},"16":{"start":{"line":192,"column":0},"end":{"line":192,"column":null}},"17":{"start":{"line":195,"column":0},"end":{"line":195,"column":null}},"18":{"start":{"line":198,"column":0},"end":{"line":198,"column":null}},"19":{"start":{"line":202,"column":0},"end":{"line":202,"column":null}},"20":{"start":{"line":203,"column":0},"end":{"line":203,"column":null}},"21":{"start":{"line":1,"column":0},"end":{"line":1,"column":null}}},"fnMap":{"0":{"name":"(anonymous_0)","decl":{"start":{"line":133,"column":0},"end":{"line":133,"column":null}},"loc":{"start":{"line":133,"column":0},"end":{"line":133,"column":null}}},"1":{"name":"(anonymous_1)","decl":{"start":{"line":143,"column":0},"end":{"line":143,"column":null}},"loc":{"start":{"line":143,"column":0},"end":{"line":170,"column":null}}},"2":{"name":"(anonymous_2)","decl":{"start":{"line":171,"column":0},"end":{"line":171,"column":null}},"loc":{"start":{"line":171,"column":0},"end":{"line":205,"column":null}}},"3":{"name":"(anonymous_3)","decl":{"start":{"line":1,"column":0},"end":{"line":1,"column":null}},"loc":{"start":{"line":1,"column":0},"end":{"line":1,"column":null}}}},"branchMap":{"0":{"loc":{"start":{"line":1,"column":0},"end":{"line":1,"column":null}},"type":"if","locations":[{"start":{"line":1,"column":0},"end":{"line":1,"column":null}},{"start":{"line":1,"column":0},"end":{"line":1,"column":null}}]}},"s":{"0":0,"1":0,"2":0,"3":0,"4":0,"5":0,"6":0,"7":0,"8":0,"9":0,"10":0,"11":0,"12":0,"13":0,"14":0,"15":0,"16":0,"17":0,"18":0,"19":0,"20":0,"21":0},"f":{"0":0,"1":0,"2":0,"3":0},"b":{"0":[0,0]}}
,"/Users/benjaminlison/Documents/startup/getit/pages/account/signup.vue": {"path":"/Users/benjaminlison/Documents/startup/getit/pages/account/signup.vue","statementMap":{"0":{"start":{"line":134,"column":0},"end":{"line":134,"column":null}},"1":{"start":{"line":147,"column":0},"end":{"line":164,"column":null}},"2":{"start":{"line":149,"column":0},"end":{"line":149,"column":null}},"3":{"start":{"line":151,"column":0},"end":{"line":151,"column":null}},"4":{"start":{"line":154,"column":0},"end":{"line":154,"column":null}},"5":{"start":{"line":157,"column":0},"end":{"line":157,"column":null}},"6":{"start":{"line":160,"column":0},"end":{"line":160,"column":null}},"7":{"start":{"line":161,"column":0},"end":{"line":161,"column":null}},"8":{"start":{"line":167,"column":0},"end":{"line":167,"column":null}},"9":{"start":{"line":168,"column":0},"end":{"line":168,"column":null}},"10":{"start":{"line":1,"column":0},"end":{"line":1,"column":null}}},"fnMap":{"0":{"name":"(anonymous_0)","decl":{"start":{"line":134,"column":0},"end":{"line":134,"column":null}},"loc":{"start":{"line":134,"column":0},"end":{"line":134,"column":null}}},"1":{"name":"(anonymous_1)","decl":{"start":{"line":146,"column":0},"end":{"line":146,"column":null}},"loc":{"start":{"line":146,"column":0},"end":{"line":165,"column":null}}},"2":{"name":"(anonymous_2)","decl":{"start":{"line":166,"column":0},"end":{"line":166,"column":null}},"loc":{"start":{"line":166,"column":0},"end":{"line":169,"column":null}}},"3":{"name":"(anonymous_3)","decl":{"start":{"line":1,"column":0},"end":{"line":1,"column":null}},"loc":{"start":{"line":1,"column":0},"end":{"line":1,"column":null}}}},"branchMap":{"0":{"loc":{"start":{"line":1,"column":0},"end":{"line":1,"column":null}},"type":"if","locations":[{"start":{"line":1,"column":0},"end":{"line":1,"column":null}},{"start":{"line":1,"column":0},"end":{"line":1,"column":null}}]}},"s":{"0":0,"1":0,"2":0,"3":0,"4":0,"5":0,"6":0,"7":0,"8":0,"9":0,"10":0},"f":{"0":0,"1":0,"2":0,"3":0},"b":{"0":[0,0]}}
,"/Users/benjaminlison/Documents/startup/getit/pages/account/forgot/_id.vue": {"path":"/Users/benjaminlison/Documents/startup/getit/pages/account/forgot/_id.vue","statementMap":{"0":{"start":{"line":88,"column":0},"end":{"line":88,"column":null}},"1":{"start":{"line":96,"column":0},"end":{"line":116,"column":null}},"2":{"start":{"line":98,"column":0},"end":{"line":98,"column":null}},"3":{"start":{"line":101,"column":0},"end":{"line":101,"column":null}},"4":{"start":{"line":106,"column":0},"end":{"line":106,"column":null}},"5":{"start":{"line":109,"column":0},"end":{"line":109,"column":null}},"6":{"start":{"line":112,"column":0},"end":{"line":112,"column":null}},"7":{"start":{"line":113,"column":0},"end":{"line":113,"column":null}},"8":{"start":{"line":1,"column":0},"end":{"line":1,"column":null}}},"fnMap":{"0":{"name":"(anonymous_0)","decl":{"start":{"line":88,"column":0},"end":{"line":88,"column":null}},"loc":{"start":{"line":88,"column":0},"end":{"line":88,"column":null}}},"1":{"name":"(anonymous_1)","decl":{"start":{"line":95,"column":0},"end":{"line":95,"column":null}},"loc":{"start":{"line":95,"column":0},"end":{"line":117,"column":null}}},"2":{"name":"(anonymous_2)","decl":{"start":{"line":1,"column":0},"end":{"line":1,"column":null}},"loc":{"start":{"line":1,"column":0},"end":{"line":1,"column":null}}}},"branchMap":{"0":{"loc":{"start":{"line":1,"column":0},"end":{"line":1,"column":null}},"type":"if","locations":[{"start":{"line":1,"column":0},"end":{"line":1,"column":null}},{"start":{"line":1,"column":0},"end":{"line":1,"column":null}}]}},"s":{"0":0,"1":0,"2":0,"3":0,"4":0,"5":0,"6":0,"7":0,"8":0},"f":{"0":0,"1":0,"2":0},"b":{"0":[0,0]}}
,"/Users/benjaminlison/Documents/startup/getit/pages/account/forgot/index.vue": {"path":"/Users/benjaminlison/Documents/startup/getit/pages/account/forgot/index.vue","statementMap":{"0":{"start":{"line":64,"column":0},"end":{"line":64,"column":null}},"1":{"start":{"line":74,"column":0},"end":{"line":92,"column":null}},"2":{"start":{"line":76,"column":0},"end":{"line":76,"column":null}},"3":{"start":{"line":79,"column":0},"end":{"line":79,"column":null}},"4":{"start":{"line":82,"column":0},"end":{"line":82,"column":null}},"5":{"start":{"line":85,"column":0},"end":{"line":85,"column":null}},"6":{"start":{"line":88,"column":0},"end":{"line":88,"column":null}},"7":{"start":{"line":89,"column":0},"end":{"line":89,"column":null}},"8":{"start":{"line":1,"column":0},"end":{"line":1,"column":null}}},"fnMap":{"0":{"name":"(anonymous_0)","decl":{"start":{"line":64,"column":0},"end":{"line":64,"column":null}},"loc":{"start":{"line":64,"column":0},"end":{"line":64,"column":null}}},"1":{"name":"(anonymous_1)","decl":{"start":{"line":73,"column":0},"end":{"line":73,"column":null}},"loc":{"start":{"line":73,"column":0},"end":{"line":93,"column":null}}},"2":{"name":"(anonymous_2)","decl":{"start":{"line":1,"column":0},"end":{"line":1,"column":null}},"loc":{"start":{"line":1,"column":0},"end":{"line":1,"column":null}}}},"branchMap":{"0":{"loc":{"start":{"line":1,"column":0},"end":{"line":1,"column":null}},"type":"if","locations":[{"start":{"line":1,"column":0},"end":{"line":1,"column":null}},{"start":{"line":1,"column":0},"end":{"line":1,"column":null}}]}},"s":{"0":0,"1":0,"2":0,"3":0,"4":0,"5":0,"6":0,"7":0,"8":0},"f":{"0":0,"1":0,"2":0},"b":{"0":[0,0]}}
,"/Users/benjaminlison/Documents/startup/getit/pages/article/create.vue": {"path":"/Users/benjaminlison/Documents/startup/getit/pages/article/create.vue","statementMap":{"0":{"start":{"line":143,"column":0},"end":{"line":143,"column":null}},"1":{"start":{"line":144,"column":0},"end":{"line":144,"column":null}},"2":{"start":{"line":153,"column":0},"end":{"line":153,"column":null}},"3":{"start":{"line":169,"column":0},"end":{"line":169,"column":null}},"4":{"start":{"line":174,"column":0},"end":{"line":174,"column":null}},"5":{"start":{"line":177,"column":0},"end":{"line":177,"column":null}},"6":{"start":{"line":180,"column":0},"end":{"line":180,"column":null}},"7":{"start":{"line":183,"column":0},"end":{"line":191,"column":null}},"8":{"start":{"line":184,"column":0},"end":{"line":184,"column":null}},"9":{"start":{"line":185,"column":0},"end":{"line":185,"column":null}},"10":{"start":{"line":188,"column":0},"end":{"line":188,"column":null}},"11":{"start":{"line":190,"column":0},"end":{"line":190,"column":null}},"12":{"start":{"line":1,"column":0},"end":{"line":1,"column":null}}},"fnMap":{"0":{"name":"(anonymous_1)","decl":{"start":{"line":153,"column":0},"end":{"line":153,"column":null}},"loc":{"start":{"line":153,"column":0},"end":{"line":153,"column":null}}},"1":{"name":"(anonymous_2)","decl":{"start":{"line":168,"column":0},"end":{"line":168,"column":null}},"loc":{"start":{"line":168,"column":0},"end":{"line":170,"column":null}}},"2":{"name":"(anonymous_3)","decl":{"start":{"line":173,"column":0},"end":{"line":173,"column":null}},"loc":{"start":{"line":173,"column":0},"end":{"line":175,"column":null}}},"3":{"name":"(anonymous_4)","decl":{"start":{"line":176,"column":0},"end":{"line":176,"column":null}},"loc":{"start":{"line":176,"column":0},"end":{"line":178,"column":null}}},"4":{"name":"(anonymous_5)","decl":{"start":{"line":179,"column":0},"end":{"line":179,"column":null}},"loc":{"start":{"line":179,"column":0},"end":{"line":181,"column":null}}},"5":{"name":"(anonymous_6)","decl":{"start":{"line":182,"column":0},"end":{"line":182,"column":null}},"loc":{"start":{"line":182,"column":0},"end":{"line":192,"column":null}}},"6":{"name":"(anonymous_7)","decl":{"start":{"line":1,"column":0},"end":{"line":1,"column":null}},"loc":{"start":{"line":1,"column":0},"end":{"line":1,"column":null}}}},"branchMap":{"0":{"loc":{"start":{"line":1,"column":0},"end":{"line":1,"column":null}},"type":"if","locations":[{"start":{"line":1,"column":0},"end":{"line":1,"column":null}},{"start":{"line":1,"column":0},"end":{"line":1,"column":null}}]}},"s":{"0":0,"1":0,"2":0,"3":0,"4":0,"5":0,"6":0,"7":0,"8":0,"9":0,"10":0,"11":0,"12":0},"f":{"0":0,"1":0,"2":0,"3":0,"4":0,"5":0,"6":0},"b":{"0":[0,0]}}
,"/Users/benjaminlison/Documents/startup/getit/pages/category/create.vue": {"path":"/Users/benjaminlison/Documents/startup/getit/pages/category/create.vue","statementMap":{"0":{"start":{"line":39,"column":0},"end":{"line":39,"column":null}},"1":{"start":{"line":47,"column":0},"end":{"line":57,"column":null}},"2":{"start":{"line":48,"column":0},"end":{"line":48,"column":null}},"3":{"start":{"line":49,"column":0},"end":{"line":49,"column":null}},"4":{"start":{"line":50,"column":0},"end":{"line":50,"column":null}},"5":{"start":{"line":51,"column":0},"end":{"line":51,"column":null}},"6":{"start":{"line":53,"column":0},"end":{"line":53,"column":null}},"7":{"start":{"line":55,"column":0},"end":{"line":55,"column":null}},"8":{"start":{"line":56,"column":0},"end":{"line":56,"column":null}},"9":{"start":{"line":1,"column":0},"end":{"line":1,"column":null}}},"fnMap":{"0":{"name":"(anonymous_0)","decl":{"start":{"line":39,"column":0},"end":{"line":39,"column":null}},"loc":{"start":{"line":39,"column":0},"end":{"line":39,"column":null}}},"1":{"name":"(anonymous_1)","decl":{"start":{"line":46,"column":0},"end":{"line":46,"column":null}},"loc":{"start":{"line":46,"column":0},"end":{"line":58,"column":null}}},"2":{"name":"(anonymous_2)","decl":{"start":{"line":1,"column":0},"end":{"line":1,"column":null}},"loc":{"start":{"line":1,"column":0},"end":{"line":1,"column":null}}}},"branchMap":{"0":{"loc":{"start":{"line":1,"column":0},"end":{"line":1,"column":null}},"type":"if","locations":[{"start":{"line":1,"column":0},"end":{"line":1,"column":null}},{"start":{"line":1,"column":0},"end":{"line":1,"column":null}}]}},"s":{"0":0,"1":0,"2":0,"3":0,"4":0,"5":0,"6":0,"7":0,"8":0,"9":3},"f":{"0":0,"1":0,"2":0},"b":{"0":[0,0]}}
,"/Users/benjaminlison/Documents/startup/getit/pages/category/index.vue": {"path":"/Users/benjaminlison/Documents/startup/getit/pages/category/index.vue","statementMap":{"0":{"start":{"line":53,"column":0},"end":{"line":53,"column":null}},"1":{"start":{"line":54,"column":0},"end":{"line":54,"column":null}},"2":{"start":{"line":58,"column":0},"end":{"line":58,"column":null}},"3":{"start":{"line":1,"column":0},"end":{"line":1,"column":null}}},"fnMap":{"0":{"name":"(anonymous_0)","decl":{"start":{"line":52,"column":0},"end":{"line":52,"column":null}},"loc":{"start":{"line":52,"column":0},"end":{"line":55,"column":null}}},"1":{"name":"(anonymous_1)","decl":{"start":{"line":57,"column":0},"end":{"line":57,"column":null}},"loc":{"start":{"line":57,"column":0},"end":{"line":59,"column":null}}},"2":{"name":"(anonymous_2)","decl":{"start":{"line":1,"column":0},"end":{"line":1,"column":null}},"loc":{"start":{"line":1,"column":0},"end":{"line":1,"column":null}}}},"branchMap":{},"s":{"0":0,"1":0,"2":0,"3":3},"f":{"0":0,"1":0,"2":0},"b":{}}
,"/Users/benjaminlison/Documents/startup/getit/pages/profile/index.vue": {"path":"/Users/benjaminlison/Documents/startup/getit/pages/profile/index.vue","statementMap":{"0":{"start":{"line":40,"column":0},"end":{"line":40,"column":null}},"1":{"start":{"line":45,"column":0},"end":{"line":45,"column":null}},"2":{"start":{"line":52,"column":0},"end":{"line":58,"column":null}},"3":{"start":{"line":53,"column":0},"end":{"line":53,"column":null}},"4":{"start":{"line":54,"column":0},"end":{"line":54,"column":null}},"5":{"start":{"line":55,"column":0},"end":{"line":55,"column":null}},"6":{"start":{"line":57,"column":0},"end":{"line":57,"column":null}},"7":{"start":{"line":1,"column":0},"end":{"line":1,"column":null}}},"fnMap":{"0":{"name":"(anonymous_0)","decl":{"start":{"line":45,"column":0},"end":{"line":45,"column":null}},"loc":{"start":{"line":45,"column":0},"end":{"line":45,"column":null}}},"1":{"name":"(anonymous_1)","decl":{"start":{"line":51,"column":0},"end":{"line":51,"column":null}},"loc":{"start":{"line":51,"column":0},"end":{"line":59,"column":null}}},"2":{"name":"(anonymous_2)","decl":{"start":{"line":1,"column":0},"end":{"line":1,"column":null}},"loc":{"start":{"line":1,"column":0},"end":{"line":1,"column":null}}}},"branchMap":{"0":{"loc":{"start":{"line":1,"column":0},"end":{"line":1,"column":null}},"type":"cond-expr","locations":[{"start":{"line":1,"column":0},"end":{"line":1,"column":null}},{"start":{"line":1,"column":0},"end":{"line":1,"column":null}}]}},"s":{"0":1,"1":0,"2":0,"3":0,"4":0,"5":0,"6":0,"7":3},"f":{"0":0,"1":0,"2":0},"b":{"0":[0,0]}}
,"/Users/benjaminlison/Documents/startup/getit/pages/profile/settings.vue": {"path":"/Users/benjaminlison/Documents/startup/getit/pages/profile/settings.vue","statementMap":{"0":{"start":{"line":72,"column":0},"end":{"line":72,"column":null}},"1":{"start":{"line":73,"column":0},"end":{"line":73,"column":null}},"2":{"start":{"line":74,"column":0},"end":{"line":74,"column":null}},"3":{"start":{"line":75,"column":0},"end":{"line":75,"column":null}},"4":{"start":{"line":86,"column":0},"end":{"line":86,"column":null}},"5":{"start":{"line":87,"column":0},"end":{"line":87,"column":null}},"6":{"start":{"line":89,"column":0},"end":{"line":89,"column":null}},"7":{"start":{"line":94,"column":0},"end":{"line":94,"column":null}},"8":{"start":{"line":95,"column":0},"end":{"line":95,"column":null}},"9":{"start":{"line":101,"column":0},"end":{"line":118,"column":null}},"10":{"start":{"line":103,"column":0},"end":{"line":103,"column":null}},"11":{"start":{"line":105,"column":0},"end":{"line":105,"column":null}},"12":{"start":{"line":108,"column":0},"end":{"line":108,"column":null}},"13":{"start":{"line":111,"column":0},"end":{"line":111,"column":null}},"14":{"start":{"line":114,"column":0},"end":{"line":114,"column":null}},"15":{"start":{"line":117,"column":0},"end":{"line":117,"column":null}},"16":{"start":{"line":121,"column":0},"end":{"line":121,"column":null}},"17":{"start":{"line":124,"column":0},"end":{"line":124,"column":null}},"18":{"start":{"line":125,"column":0},"end":{"line":125,"column":null}},"19":{"start":{"line":1,"column":0},"end":{"line":1,"column":null}}},"fnMap":{"0":{"name":"(anonymous_1)","decl":{"start":{"line":85,"column":0},"end":{"line":85,"column":null}},"loc":{"start":{"line":85,"column":0},"end":{"line":88,"column":null}}},"1":{"name":"(anonymous_2)","decl":{"start":{"line":89,"column":0},"end":{"line":89,"column":null}},"loc":{"start":{"line":89,"column":0},"end":{"line":89,"column":null}}},"2":{"name":"(anonymous_3)","decl":{"start":{"line":93,"column":0},"end":{"line":93,"column":null}},"loc":{"start":{"line":93,"column":0},"end":{"line":96,"column":null}}},"3":{"name":"(anonymous_4)","decl":{"start":{"line":100,"column":0},"end":{"line":100,"column":null}},"loc":{"start":{"line":100,"column":0},"end":{"line":119,"column":null}}},"4":{"name":"(anonymous_5)","decl":{"start":{"line":120,"column":0},"end":{"line":120,"column":null}},"loc":{"start":{"line":120,"column":0},"end":{"line":122,"column":null}}},"5":{"name":"(anonymous_6)","decl":{"start":{"line":123,"column":0},"end":{"line":123,"column":null}},"loc":{"start":{"line":123,"column":0},"end":{"line":126,"column":null}}},"6":{"name":"(anonymous_7)","decl":{"start":{"line":1,"column":0},"end":{"line":1,"column":null}},"loc":{"start":{"line":1,"column":0},"end":{"line":1,"column":null}}}},"branchMap":{"0":{"loc":{"start":{"line":94,"column":0},"end":{"line":94,"column":null}},"type":"if","locations":[{"start":{"line":94,"column":0},"end":{"line":94,"column":null}},{"start":{"line":94,"column":0},"end":{"line":94,"column":null}}]},"1":{"loc":{"start":{"line":95,"column":0},"end":{"line":95,"column":null}},"type":"cond-expr","locations":[{"start":{"line":95,"column":0},"end":{"line":95,"column":null}},{"start":{"line":95,"column":0},"end":{"line":95,"column":null}}]},"2":{"loc":{"start":{"line":124,"column":0},"end":{"line":124,"column":null}},"type":"if","locations":[{"start":{"line":124,"column":0},"end":{"line":124,"column":null}},{"start":{"line":124,"column":0},"end":{"line":124,"column":null}}]},"3":{"loc":{"start":{"line":1,"column":0},"end":{"line":1,"column":null}},"type":"if","locations":[{"start":{"line":1,"column":0},"end":{"line":1,"column":null}},{"start":{"line":1,"column":0},"end":{"line":1,"column":null}}]}},"s":{"0":0,"1":0,"2":0,"3":0,"4":0,"5":0,"6":0,"7":0,"8":0,"9":0,"10":0,"11":0,"12":0,"13":0,"14":0,"15":0,"16":0,"17":0,"18":0,"19":0},"f":{"0":0,"1":0,"2":0,"3":0,"4":0,"5":0,"6":0},"b":{"0":[0,0],"1":[0,0],"2":[0,0],"3":[0,0]}}
,"/Users/benjaminlison/Documents/startup/getit/pages/shop/create.vue": {"path":"/Users/benjaminlison/Documents/startup/getit/pages/shop/create.vue","statementMap":{"0":{"start":{"line":284,"column":0},"end":{"line":284,"column":null}},"1":{"start":{"line":285,"column":0},"end":{"line":285,"column":null}},"2":{"start":{"line":286,"column":0},"end":{"line":286,"column":null}},"3":{"start":{"line":287,"column":0},"end":{"line":287,"column":null}},"4":{"start":{"line":297,"column":0},"end":{"line":297,"column":null}},"5":{"start":{"line":321,"column":0},"end":{"line":321,"column":null}},"6":{"start":{"line":327,"column":0},"end":{"line":329,"column":null}},"7":{"start":{"line":328,"column":0},"end":{"line":328,"column":null}},"8":{"start":{"line":331,"column":0},"end":{"line":334,"column":null}},"9":{"start":{"line":332,"column":0},"end":{"line":332,"column":null}},"10":{"start":{"line":333,"column":0},"end":{"line":333,"column":null}},"11":{"start":{"line":336,"column":0},"end":{"line":336,"column":null}},"12":{"start":{"line":339,"column":0},"end":{"line":339,"column":null}},"13":{"start":{"line":342,"column":0},"end":{"line":342,"column":null}},"14":{"start":{"line":345,"column":0},"end":{"line":345,"column":null}},"15":{"start":{"line":348,"column":0},"end":{"line":355,"column":null}},"16":{"start":{"line":349,"column":0},"end":{"line":349,"column":null}},"17":{"start":{"line":352,"column":0},"end":{"line":352,"column":null}},"18":{"start":{"line":354,"column":0},"end":{"line":354,"column":null}},"19":{"start":{"line":358,"column":0},"end":{"line":385,"column":null}},"20":{"start":{"line":360,"column":0},"end":{"line":369,"column":null}},"21":{"start":{"line":362,"column":0},"end":{"line":362,"column":null}},"22":{"start":{"line":364,"column":0},"end":{"line":364,"column":null}},"23":{"start":{"line":365,"column":0},"end":{"line":365,"column":null}},"24":{"start":{"line":366,"column":0},"end":{"line":368,"column":null}},"25":{"start":{"line":367,"column":0},"end":{"line":367,"column":null}},"26":{"start":{"line":371,"column":0},"end":{"line":379,"column":null}},"27":{"start":{"line":372,"column":0},"end":{"line":372,"column":null}},"28":{"start":{"line":373,"column":0},"end":{"line":373,"column":null}},"29":{"start":{"line":375,"column":0},"end":{"line":375,"column":null}},"30":{"start":{"line":377,"column":0},"end":{"line":377,"column":null}},"31":{"start":{"line":378,"column":0},"end":{"line":378,"column":null}},"32":{"start":{"line":381,"column":0},"end":{"line":381,"column":null}},"33":{"start":{"line":383,"column":0},"end":{"line":383,"column":null}},"34":{"start":{"line":384,"column":0},"end":{"line":384,"column":null}},"35":{"start":{"line":1,"column":0},"end":{"line":1,"column":null}}},"fnMap":{"0":{"name":"(anonymous_1)","decl":{"start":{"line":297,"column":0},"end":{"line":297,"column":null}},"loc":{"start":{"line":297,"column":0},"end":{"line":297,"column":null}}},"1":{"name":"(anonymous_2)","decl":{"start":{"line":319,"column":0},"end":{"line":319,"column":null}},"loc":{"start":{"line":319,"column":0},"end":{"line":322,"column":null}}},"2":{"name":"(anonymous_3)","decl":{"start":{"line":326,"column":0},"end":{"line":326,"column":null}},"loc":{"start":{"line":326,"column":0},"end":{"line":337,"column":null}}},"3":{"name":"(anonymous_4)","decl":{"start":{"line":338,"column":0},"end":{"line":338,"column":null}},"loc":{"start":{"line":338,"column":0},"end":{"line":340,"column":null}}},"4":{"name":"(anonymous_5)","decl":{"start":{"line":341,"column":0},"end":{"line":341,"column":null}},"loc":{"start":{"line":341,"column":0},"end":{"line":343,"column":null}}},"5":{"name":"(anonymous_6)","decl":{"start":{"line":344,"column":0},"end":{"line":344,"column":null}},"loc":{"start":{"line":344,"column":0},"end":{"line":346,"column":null}}},"6":{"name":"(anonymous_7)","decl":{"start":{"line":347,"column":0},"end":{"line":347,"column":null}},"loc":{"start":{"line":347,"column":0},"end":{"line":356,"column":null}}},"7":{"name":"(anonymous_8)","decl":{"start":{"line":357,"column":0},"end":{"line":357,"column":null}},"loc":{"start":{"line":357,"column":0},"end":{"line":386,"column":null}}},"8":{"name":"(anonymous_9)","decl":{"start":{"line":366,"column":0},"end":{"line":366,"column":null}},"loc":{"start":{"line":366,"column":0},"end":{"line":368,"column":null}}},"9":{"name":"(anonymous_10)","decl":{"start":{"line":1,"column":0},"end":{"line":1,"column":null}},"loc":{"start":{"line":1,"column":0},"end":{"line":1,"column":null}}}},"branchMap":{"0":{"loc":{"start":{"line":321,"column":0},"end":{"line":321,"column":null}},"type":"cond-expr","locations":[{"start":{"line":321,"column":0},"end":{"line":321,"column":null}},{"start":{"line":321,"column":0},"end":{"line":321,"column":null}}]},"1":{"loc":{"start":{"line":327,"column":0},"end":{"line":329,"column":null}},"type":"if","locations":[{"start":{"line":327,"column":0},"end":{"line":329,"column":null}},{"start":{"line":327,"column":0},"end":{"line":329,"column":null}}]},"2":{"loc":{"start":{"line":331,"column":0},"end":{"line":334,"column":null}},"type":"if","locations":[{"start":{"line":331,"column":0},"end":{"line":334,"column":null}},{"start":{"line":331,"column":0},"end":{"line":334,"column":null}}]},"3":{"loc":{"start":{"line":360,"column":0},"end":{"line":369,"column":null}},"type":"if","locations":[{"start":{"line":360,"column":0},"end":{"line":369,"column":null}},{"start":{"line":360,"column":0},"end":{"line":369,"column":null}}]},"4":{"loc":{"start":{"line":365,"column":0},"end":{"line":365,"column":null}},"type":"if","locations":[{"start":{"line":365,"column":0},"end":{"line":365,"column":null}},{"start":{"line":365,"column":0},"end":{"line":365,"column":null}}]},"5":{"loc":{"start":{"line":371,"column":0},"end":{"line":379,"column":null}},"type":"if","locations":[{"start":{"line":371,"column":0},"end":{"line":379,"column":null}},{"start":{"line":371,"column":0},"end":{"line":379,"column":null}}]},"6":{"loc":{"start":{"line":1,"column":0},"end":{"line":1,"column":null}},"type":"cond-expr","locations":[{"start":{"line":1,"column":0},"end":{"line":1,"column":null}},{"start":{"line":1,"column":0},"end":{"line":1,"column":null}}]}},"s":{"0":0,"1":0,"2":0,"3":0,"4":0,"5":0,"6":0,"7":0,"8":0,"9":0,"10":0,"11":0,"12":0,"13":0,"14":0,"15":0,"16":0,"17":0,"18":0,"19":0,"20":0,"21":0,"22":0,"23":0,"24":0,"25":0,"26":0,"27":0,"28":0,"29":0,"30":0,"31":0,"32":0,"33":0,"34":0,"35":0},"f":{"0":0,"1":0,"2":0,"3":0,"4":0,"5":0,"6":0,"7":0,"8":0,"9":0},"b":{"0":[0,0],"1":[0,0],"2":[0,0],"3":[0,0],"4":[0,0],"5":[0,0],"6":[0,0]}}
,"/Users/benjaminlison/Documents/startup/getit/pages/shop/edit.vue": {"path":"/Users/benjaminlison/Documents/startup/getit/pages/shop/edit.vue","statementMap":{"0":{"start":{"line":248,"column":0},"end":{"line":248,"column":null}},"1":{"start":{"line":249,"column":0},"end":{"line":249,"column":null}},"2":{"start":{"line":250,"column":0},"end":{"line":250,"column":null}},"3":{"start":{"line":251,"column":0},"end":{"line":251,"column":null}},"4":{"start":{"line":261,"column":0},"end":{"line":261,"column":null}},"5":{"start":{"line":262,"column":0},"end":{"line":262,"column":null}},"6":{"start":{"line":263,"column":0},"end":{"line":263,"column":null}},"7":{"start":{"line":265,"column":0},"end":{"line":265,"column":null}},"8":{"start":{"line":275,"column":0},"end":{"line":275,"column":null}},"9":{"start":{"line":282,"column":0},"end":{"line":282,"column":null}},"10":{"start":{"line":284,"column":0},"end":{"line":284,"column":null}},"11":{"start":{"line":285,"column":0},"end":{"line":285,"column":null}},"12":{"start":{"line":286,"column":0},"end":{"line":288,"column":null}},"13":{"start":{"line":287,"column":0},"end":{"line":287,"column":null}},"14":{"start":{"line":291,"column":0},"end":{"line":294,"column":null}},"15":{"start":{"line":292,"column":0},"end":{"line":292,"column":null}},"16":{"start":{"line":293,"column":0},"end":{"line":293,"column":null}},"17":{"start":{"line":297,"column":0},"end":{"line":310,"column":null}},"18":{"start":{"line":298,"column":0},"end":{"line":298,"column":null}},"19":{"start":{"line":300,"column":0},"end":{"line":300,"column":null}},"20":{"start":{"line":301,"column":0},"end":{"line":301,"column":null}},"21":{"start":{"line":303,"column":0},"end":{"line":303,"column":null}},"22":{"start":{"line":305,"column":0},"end":{"line":305,"column":null}},"23":{"start":{"line":306,"column":0},"end":{"line":306,"column":null}},"24":{"start":{"line":308,"column":0},"end":{"line":308,"column":null}},"25":{"start":{"line":309,"column":0},"end":{"line":309,"column":null}},"26":{"start":{"line":313,"column":0},"end":{"line":320,"column":null}},"27":{"start":{"line":314,"column":0},"end":{"line":314,"column":null}},"28":{"start":{"line":317,"column":0},"end":{"line":317,"column":null}},"29":{"start":{"line":319,"column":0},"end":{"line":319,"column":null}},"30":{"start":{"line":323,"column":0},"end":{"line":323,"column":null}},"31":{"start":{"line":326,"column":0},"end":{"line":326,"column":null}},"32":{"start":{"line":329,"column":0},"end":{"line":329,"column":null}},"33":{"start":{"line":1,"column":0},"end":{"line":1,"column":null}}},"fnMap":{"0":{"name":"(anonymous_1)","decl":{"start":{"line":260,"column":0},"end":{"line":260,"column":null}},"loc":{"start":{"line":260,"column":0},"end":{"line":264,"column":null}}},"1":{"name":"(anonymous_2)","decl":{"start":{"line":265,"column":0},"end":{"line":265,"column":null}},"loc":{"start":{"line":265,"column":0},"end":{"line":265,"column":null}}},"2":{"name":"(anonymous_3)","decl":{"start":{"line":273,"column":0},"end":{"line":273,"column":null}},"loc":{"start":{"line":273,"column":0},"end":{"line":276,"column":null}}},"3":{"name":"(anonymous_4)","decl":{"start":{"line":280,"column":0},"end":{"line":280,"column":null}},"loc":{"start":{"line":280,"column":0},"end":{"line":289,"column":null}}},"4":{"name":"(anonymous_5)","decl":{"start":{"line":286,"column":0},"end":{"line":286,"column":null}},"loc":{"start":{"line":286,"column":0},"end":{"line":288,"column":null}}},"5":{"name":"(anonymous_6)","decl":{"start":{"line":290,"column":0},"end":{"line":290,"column":null}},"loc":{"start":{"line":290,"column":0},"end":{"line":295,"column":null}}},"6":{"name":"(anonymous_7)","decl":{"start":{"line":296,"column":0},"end":{"line":296,"column":null}},"loc":{"start":{"line":296,"column":0},"end":{"line":311,"column":null}}},"7":{"name":"(anonymous_8)","decl":{"start":{"line":312,"column":0},"end":{"line":312,"column":null}},"loc":{"start":{"line":312,"column":0},"end":{"line":321,"column":null}}},"8":{"name":"(anonymous_9)","decl":{"start":{"line":322,"column":0},"end":{"line":322,"column":null}},"loc":{"start":{"line":322,"column":0},"end":{"line":324,"column":null}}},"9":{"name":"(anonymous_10)","decl":{"start":{"line":325,"column":0},"end":{"line":325,"column":null}},"loc":{"start":{"line":325,"column":0},"end":{"line":327,"column":null}}},"10":{"name":"(anonymous_11)","decl":{"start":{"line":328,"column":0},"end":{"line":328,"column":null}},"loc":{"start":{"line":328,"column":0},"end":{"line":330,"column":null}}},"11":{"name":"(anonymous_12)","decl":{"start":{"line":1,"column":0},"end":{"line":1,"column":null}},"loc":{"start":{"line":1,"column":0},"end":{"line":1,"column":null}}}},"branchMap":{"0":{"loc":{"start":{"line":275,"column":0},"end":{"line":275,"column":null}},"type":"cond-expr","locations":[{"start":{"line":275,"column":0},"end":{"line":275,"column":null}},{"start":{"line":275,"column":0},"end":{"line":275,"column":null}}]},"1":{"loc":{"start":{"line":285,"column":0},"end":{"line":285,"column":null}},"type":"if","locations":[{"start":{"line":285,"column":0},"end":{"line":285,"column":null}},{"start":{"line":285,"column":0},"end":{"line":285,"column":null}}]},"2":{"loc":{"start":{"line":1,"column":0},"end":{"line":1,"column":null}},"type":"cond-expr","locations":[{"start":{"line":1,"column":0},"end":{"line":1,"column":null}},{"start":{"line":1,"column":0},"end":{"line":1,"column":null}}]}},"s":{"0":0,"1":0,"2":0,"3":0,"4":0,"5":0,"6":0,"7":0,"8":0,"9":0,"10":0,"11":0,"12":0,"13":0,"14":0,"15":0,"16":0,"17":0,"18":0,"19":0,"20":0,"21":0,"22":0,"23":0,"24":0,"25":0,"26":0,"27":0,"28":0,"29":0,"30":0,"31":0,"32":0,"33":0},"f":{"0":0,"1":0,"2":0,"3":0,"4":0,"5":0,"6":0,"7":0,"8":0,"9":0,"10":0,"11":0},"b":{"0":[0,0],"1":[0,0],"2":[0,0]}}
,"/Users/benjaminlison/Documents/startup/getit/pages/shop/index.vue": {"path":"/Users/benjaminlison/Documents/startup/getit/pages/shop/index.vue","statementMap":{"0":{"start":{"line":131,"column":0},"end":{"line":131,"column":null}},"1":{"start":{"line":132,"column":0},"end":{"line":132,"column":null}},"2":{"start":{"line":133,"column":0},"end":{"line":133,"column":null}},"3":{"start":{"line":140,"column":0},"end":{"line":140,"column":null}},"4":{"start":{"line":1,"column":0},"end":{"line":1,"column":null}}},"fnMap":{"0":{"name":"(anonymous_1)","decl":{"start":{"line":140,"column":0},"end":{"line":140,"column":null}},"loc":{"start":{"line":140,"column":0},"end":{"line":140,"column":null}}},"1":{"name":"(anonymous_2)","decl":{"start":{"line":1,"column":0},"end":{"line":1,"column":null}},"loc":{"start":{"line":1,"column":0},"end":{"line":1,"column":null}}}},"branchMap":{"0":{"loc":{"start":{"line":1,"column":0},"end":{"line":1,"column":null}},"type":"cond-expr","locations":[{"start":{"line":1,"column":0},"end":{"line":1,"column":null}},{"start":{"line":1,"column":0},"end":{"line":1,"column":null}}]}},"s":{"0":1,"1":1,"2":1,"3":0,"4":3},"f":{"0":0,"1":0},"b":{"0":[0,0]}}
}
